30 30
2 2
0 9.0792e-39
1 309600
2 48900
3 42800
4 42600
5 42000
6 43100
7 42000
8 52400
9 36200
10 42400
11 42200
12 38100
13 39800
14 40700
15 39300
16 39000
17 38400
18 38000
19 36800
20 37300
21 37300
22 36300
23 36000
24 36100
25 35800
26 36900
27 35500
28 35900
29 35700
30 35900
31 36000
32 35800
33 36800
34 36100
35 36700
36 36400
37 37200
38 36200
39 39500
40 39700
41 40000
42 42700
43 36900
44 36600
45 35400
46 35700
47 35200
48 35400
49 35600
50 35500
51 35300
52 35600
53 49900
54 39200
55 36700
56 36600
57 35100
58 35800
59 35300
60 36000
61 36100
62 36800
63 35700
64 36100
65 35900
66 35800
67 35800
68 35900
69 35200
70 35500
71 35300
72 35600
73 35600
74 35600
75 35300
76 35600
77 35300
78 35700
79 35500
80 36300
81 47000
82 37500
83 36000
84 35500
85 36300
86 35300
87 35900
88 35800
89 83600
90 40100
91 36300
92 36000
93 35900
94 37600
95 38000
96 38300
97 37300
98 36400
99 35600
100 35800
101 35700
102 35500
103 35700
104 35600
105 35500
106 41400
107 86500
108 38200
109 37200
110 36300
111 36300
112 35800
113 35500
114 35200
115 36000
116 35200
117 36000
118 35400
119 27200
120 39200
121 36000
122 35900
123 35600
124 35200
125 35700
126 35700
127 35600
128 35800
129 35900
130 36000
131 35700
132 36300
133 35800
134 35900
135 35900
136 35800
137 35400
138 35600
139 35700
140 36000
141 35300
142 35500
143 35900
144 35800
145 35800
146 35800
147 35900
148 35900
149 35700
150 35700
151 35800
152 35900
153 35600
154 35700
155 35600
156 36100
157 35800
158 35400
159 35900
160 43600
161 29100
162 41100
163 36100
164 35400
165 35600
166 35300
167 35600
168 35600
169 35800
170 35400
171 35500
172 35700
173 35200
174 35700
175 35600
176 35100
177 35600
178 35000
179 128300
180 56300
181 50500
182 54200
183 38100
184 45400
185 36100
186 37100
187 39300
188 44500
189 40500
190 38400
191 37000
192 37800
193 40400
194 39800
195 36800
196 36800
197 36100
198 36000
199 35300
200 81200
201 161400
202 51400
203 44800
204 45400
205 46400
206 50000
207 46100
208 40200
209 37600
210 91500
211 40000
212 36500
213 36100
214 35700
215 35900
216 35200
217 101300
218 37500
219 36200
220 35800
221 35700
222 35500
223 35300
224 35600
225 35500
226 35500
227 35600
228 36800
229 35400
230 35500
231 35500
232 35600
233 35700
234 35500
235 35300
236 35700
237 35700
238 35600
239 35300
240 35700
241 35800
242 35100
243 35800
244 35300
245 35400
246 35500
247 35400
248 35600
249 35700
250 35200
251 35600
252 35600
253 35900
254 35300
255 35700
256 38000
257 35200
258 187000
259 217200
260 74800
261 37900
262 36000
263 35800
264 35900
265 35800
266 35600
267 35400
268 35500
269 35400
270 35700
271 35400
272 35700
273 37300
274 37000
275 35900
276 35600
277 35600
278 35600
279 35500
280 35600
281 35400
282 35600
283 35800
284 35400
285 35600
286 35400
287 35700
288 35600
289 35400
290 35600
291 35500
292 35700
293 35600
294 35600
295 35500
296 35700
297 35500
298 35500
299 35500
300 35400
301 38800
302 92200
303 42500
304 37200
305 35800
306 35700
307 35700
308 35300
309 35500
310 35600
311 35500
312 35700
313 35300
314 35000
315 35600
316 35700
317 35400
318 35300
319 35700
320 35600
321 35700
322 35300
323 35300
324 35700
325 35100
326 35300
327 37200
328 36000
329 35900
330 35100
331 35400
332 35700
333 140000
334 90900
335 40100
336 36500
337 36000
338 35900
339 36500
340 34800
341 36500
342 73500
343 53700
344 49400
345 39300
346 37700
347 43300
348 95300
349 43000
350 71200
351 41900
352 70000
353 41700
354 77600
355 41800
356 77900
357 41400
358 81800
359 42400
360 70000
361 42400
362 67900
363 41700
364 78400
365 36800
366 75700
367 34900
368 84700
369 34100
370 180300
371 102000
372 33900
373 33000
374 31800
375 32100
376 35500
377 35100
378 34600
379 34500
380 34600
381 34800
382 34700
383 34500
384 38600
385 31700
386 31900
387 31900
388 35700
389 35200
390 34700
391 35100
392 34600
393 34500
394 35000
395 34900
396 34900
397 34800
398 34200
399 35000
400 34800
401 34900
402 34900
403 34800
404 34600
405 35000
406 34600
407 34700
408 34800
409 34800
410 35000
411 34900
412 34800
413 50300
414 40500
415 38600
416 38500
417 40400
418 35600
419 34700
420 38500
421 36400
422 35800
423 34800
424 38100
425 65800
426 34300
427 42000
428 299000
429 45800
430 727100
431 729000
432 103500
433 39200
434 36600
435 36600
436 41900
437 44100
438 37600
439 37000
440 36500
441 36800
442 36200
443 36900
444 36800
445 36600
446 40300
447 38500
448 37200
449 36500
450 36500
451 36600
452 36800
453 36900
454 37300
455 36500
456 36800
457 36700
458 36900
459 36300
460 36900
461 36700
462 36500
463 36800
464 37300
465 37200
466 37400
467 37000
468 37000
469 37200
470 37300
471 36900
472 38300
473 38500
474 36600
475 36300
476 36800
477 37100
478 37100
479 37200
480 37300
481 37200
482 37400
483 37200
484 37300
485 37000
486 37700
487 37400
488 37400
489 37000
490 37300
491 36500
492 37000
493 36900
494 36700
495 36500
496 36200
497 37100
498 36000
499 35600
500 43300
501 85300
502 144100
503 85800
504 41800
505 129400
506 113500
507 251300
508 82700
509 39000
510 94200
511 99200
512 70100
513 40500
514 39200
515 159300
516 198300
517 51700
518 55800
519 36700
520 44200
521 41400
522 38200
523 68100
524 42100
525 42900
526 43300
527 38500
528 33200
529 42800
530 43200
531 39900
532 41900
533 43900
534 40500
535 39500
536 49900
537 44000
538 42000
539 42100
540 38700
541 132900
542 52800
543 51000
544 49100
545 39800
546 43400
547 40300
548 39600
549 39500
550 40200
551 38400
552 40200
553 40700
554 36800
555 38400
556 38900
557 40400
558 38000
559 40500
560 40600
561 38700
562 39200
563 39500
564 39400
565 39100
566 40700
567 38900
568 45400
569 45100
570 42100
571 41400
572 41800
573 40400
574 39800
575 39700
576 39600
577 38400
578 40500
579 40300
580 40300
581 40200
582 40100
583 40900
584 40700
585 40400
586 40900
587 40900
588 39800
589 40600
590 40900
591 40300
592 42800
593 40300
594 39000
595 44300
596 40400
597 40500
598 40600
599 40500
600 40400
601 40400
602 40400
603 40000
604 40700
605 40200
606 40900
607 40100
608 40200
609 40400
610 40400
611 40100
612 40500
613 40600
614 40700
615 40500
616 40900
617 41700
618 40700
619 40300
620 41000
621 40900
622 40700
623 40900
624 40200
625 40600
626 40600
627 40600
628 40600
629 40500
630 39900
631 41000
632 40800
633 40700
634 40900
635 40400
636 40800
637 40300
638 40800
639 41000
640 40300
641 42600
642 41300
643 39300
644 44900
645 40100
646 40500
647 40700
648 40700
649 40800
650 39800
651 137800
652 44000
653 40900
654 40800
655 40100
656 40500
657 40700
658 40900
659 40700
660 40300
661 56000
662 49300
663 41200
664 37800
665 45200
666 40500
667 39500
668 39300
669 40500
670 40800
671 39700
672 38100
673 37700
674 37400
675 38400
676 38500
677 38500
678 38800
679 38400
680 38500
681 38300
682 38800
683 38500
684 38500
685 38600
686 38200
687 38600
688 41100
689 39600
690 38900
691 39700
692 37700
693 36100
694 35500
695 35800
696 35200
697 35200
698 35700
699 35600
700 35300
701 35900
702 35300
703 35700
704 35800
705 35700
706 35400
707 35200
708 35600
709 35700
710 35200
711 35700
712 35400
713 35500
714 35500
715 35500
716 34700
717 199200
718 42600
719 37500
720 36200
721 35600
722 35500
723 35700
724 35400
725 35500
726 35400
727 35300
728 35400
729 35500
730 35900
731 35800
732 35600
733 35800
734 35100
735 35800
736 35900
737 35400
738 35700
739 37100
740 35700
741 35500
742 35700
743 35700
744 35700
745 35900
746 35600
747 35500
748 35500
749 35700
750 35500
751 35800
752 35600
753 35700
754 35500
755 35700
756 35600
757 34000
758 35000
759 39300
760 39500
761 36500
762 42900
763 36900
764 37100
765 37400
766 95900
767 39900
768 43900
769 44200
770 38600
771 39400
772 42300
773 44000
774 43000
775 41800
776 93200
777 36000
778 42400
779 38100
780 43300
781 65400
782 40100
783 72800
784 39500
785 77600
786 36400
787 34400
788 65300
789 39800
790 70700
791 38700
792 80800
793 39600
794 67300
795 38800
796 80900
797 39400
798 72600
799 39200
800 66900
801 38800
802 79700
803 39400
804 60800
805 66000
806 61000
807 35700
808 35400
809 35400
810 35300
811 35300
812 35200
813 35700
814 35100
815 35100
816 35700
817 35300
818 35100
819 35500
820 35500
821 35500
822 35500
823 35400
824 35600
825 35400
826 35600
827 35200
828 35500
829 35600
830 38100
831 35500
832 35400
833 34700
834 35400
835 35300
836 35200
837 35400
838 35200
839 35200
840 35400
841 35100
842 35500
843 35300
844 35300
845 35500
846 35300
847 35200
848 35100
849 35200
850 35600
851 35500
852 35300
853 34800
854 35300
855 35200
856 35400
857 35300
858 41700
859 78300
860 132900
861 35000
862 85300
863 85000
864 134300
865 33800
866 134200
867 33700
868 84800
869 65800
870 33500
871 32400
872 36800
873 35300
874 35000
875 34900
876 34500
877 35200
878 34500
879 35000
880 34900
881 34800
882 34700
883 34400
884 34800
885 35000
886 34900
887 34600
888 35000
889 34800
890 34800
891 34700
892 34800
893 35100
894 34900
895 35000
896 35000
897 35000
898 35000
899 34800
900 46900
901 35200
902 124700
903 45700
904 35000
905 44900
906 90000
907 42600
908 39900
909 89100
910 40700
911 35900
912 34800
913 36100
914 36000
915 36100
916 35900
917 37600
918 36100
919 36700
920 36800
921 45900
922 36200
923 35800
924 36300
925 36600
926 65400
927 39600
928 45100
929 39500
930 46100
931 36700
932 37700
933 36000
934 35700
935 35500
936 35700
937 35500
938 35400
939 35800
940 35500
941 35400
942 35300
943 35800
944 35400
945 35800
946 35600
947 40500
948 36600
949 35600
950 90200
951 39800
952 36700
953 36100
954 36000
955 35800
956 35900
957 35900
958 35600
959 35800
960 35700
961 35800
962 35800
963 35700
964 35600
965 35900
966 35600
967 35600
968 35700
969 36000
970 35800
971 35500
972 35600
973 36600
974 35800
975 35700
976 35700
977 35800
978 35500
979 35700
980 124300
981 84300
982 39900
983 36400
984 36400
985 36100
986 35800
987 35300
988 36000
989 36700
990 41200
991 78000
992 38400
993 36500
994 36200
995 41600
996 251900
997 73100
998 38200
999 36200
1000 35900
1001 35400
1002 35500
1003 35700
1004 35900
1005 35400
1006 35600
1007 35400
1008 101900
1009 42100
1010 37700
1011 36500
1012 36000
1013 35900
1014 37000
1015 35600
1016 35300
1017 101100
1018 33200
1019 38500
1020 36400
1021 36400
1022 36100
1023 36000
1024 35200
1025 92100
1026 38100
1027 36500
1028 36100
1029 36000
1030 36000
1031 35700
1032 35900
1033 35800
1034 35800
1035 35800
1036 35800
1037 35900
1038 40100
1039 36500
1040 36100
1041 35800
1042 35900
1043 35200
1044 43600
1045 38400
1046 159600
1047 41100
1048 41500
1049 37400
1050 35700
1051 35600
1052 35500
1053 35600
1054 35700
1055 35800
1056 35700
1057 35900
1058 35400
1059 35300
1060 35400
1061 35700
1062 36900
1063 35800
1064 35900
1065 35800
1066 35500
1067 35800
1068 35900
1069 35500
1070 35900
1071 35500
1072 35700
1073 35400
1074 35900
1075 35800
1076 35600
1077 35700
1078 35900
1079 35800
1080 35800
1081 35500
1082 35600
1083 35800
1084 35800
1085 35700
1086 35800
1087 35500
1088 35300
1089 35200
1090 93800
1091 40200
1092 36400
1093 35700
1094 35500
1095 35700
1096 35500
1097 35300
1098 35300
1099 35000
1100 35500
1101 35200
1102 35600
1103 35200
1104 34800
1105 35500
1106 35800
1107 35900
1108 35000
1109 203000
1110 42400
1111 38900
1112 36300
1113 35800
1114 36100
1115 35900
1116 35700
1117 35900
1118 35600
1119 36100
1120 35800
1121 35600
1122 35700
1123 35700
1124 35700
1125 35800
1126 35800
1127 35700
1128 35900
1129 35600
1130 35900
1131 35900
1132 35700
1133 36100
1134 35900
1135 35700
1136 35600
1137 35600
1138 35700
1139 36700
1140 35700
1141 36100
1142 35700
1143 35600
1144 35800
1145 35800
1146 35800
1147 35700
1148 35800
1149 35800
1150 35600
1151 35700
1152 35800
1153 35800
1154 35800
1155 35800
1156 35900
1157 35800
1158 35600
1159 35600
1160 36100
1161 35700
1162 36000
1163 35800
1164 35700
1165 35900
1166 37700
1167 37300
1168 35900
1169 35800
1170 36100
1171 35800
1172 35900
1173 35800
1174 35800
1175 35800
1176 36000
1177 35900
1178 35700
1179 35800
1180 35700
1181 35800
1182 35700
1183 35800
1184 36000
1185 35700
1186 35800
1187 35800
1188 35900
1189 36000
1190 35800
1191 35700
1192 35800
1193 35900
1194 39300
1195 37000
1196 36100
1197 35800
1198 36100
1199 35700
1200 35800
1201 35800
1202 35600
1203 35700
1204 36000
1205 35700
1206 35900
1207 35900
1208 35800
1209 35900
1210 35900
1211 35700
1212 35700
1213 35600
1214 36000
1215 35900
1216 35600
1217 35900
1218 35900
1219 35900
1220 35800
1221 35700
1222 36500
1223 35700
1224 35800
1225 35900
1226 35900
1227 35900
1228 35600
1229 35600
1230 35800
1231 36000
1232 35900
1233 35800
1234 35800
1235 35700
1236 35600
1237 35700
1238 35900
1239 35700
1240 35700
1241 35800
1242 35800
1243 39900
1244 40100
1245 35800
1246 35900
1247 35700
1248 35800
1249 39300
1250 80900
1251 41500
1252 37400
1253 36300
1254 36000
1255 35900
1256 35800
1257 35900
1258 35900
1259 35700
1260 35600
1261 35600
1262 35900
1263 35700
1264 35600
1265 35800
1266 35800
1267 35900
1268 35600
1269 35800
1270 35900
1271 35900
1272 36000
1273 35900
1274 35700
1275 36800
1276 83800
1277 39800
1278 36700
1279 36600
1280 36000
1281 35600
1282 35700
1283 35200
1284 35800
1285 35600
1286 35800
1287 35800
1288 35300
1289 35900
1290 35600
1291 35500
1292 35800
1293 35500
1294 35800
1295 35700
1296 35600
1297 35400
1298 35100
1299 35300
1300 35800
1301 35500
1302 36400
1303 35600
1304 35500
1305 35900
1306 35400
1307 35500
1308 35600
1309 35800
1310 35900
1311 35200
1312 35600
1313 35700
1314 35400
1315 35700
1316 35800
1317 35400
1318 35800
1319 35700
1320 35800
1321 35300
1322 35400
1323 34600
1324 114700
1325 39400
1326 41400
1327 37600
1328 37200
1329 37700
1330 38100
1331 36700
1332 36400
1333 36400
1334 36700
1335 36400
1336 36800
1337 36300
1338 36200
1339 36600
1340 36800
1341 36500
1342 36600
1343 39400
1344 36500
1345 35700
1346 37500
1347 36400
1348 36700
1349 36500
1350 35600
1351 35900
1352 35700
1353 35700
1354 36400
1355 86600
1356 40100
1357 36400
1358 35900
1359 35700
1360 35700
1361 35800
1362 35600
1363 35800
1364 35600
1365 35700
1366 36200
1367 35900
1368 35600
1369 35700
1370 35600
1371 35700
1372 35700
1373 35600
1374 35700
1375 35700
1376 35600
1377 35700
1378 35800
1379 35600
1380 35800
1381 37000
1382 35600
1383 136700
1384 40000
1385 36600
1386 36000
1387 35400
1388 35800
1389 35700
1390 35500
1391 35500
1392 35700
1393 35400
1394 38700
1395 89000
1396 38300
1397 36100
1398 35800
1399 36000
1400 35200
1401 35900
1402 35700
1403 35700
1404 39400
1405 36400
1406 35900
1407 35600
1408 35300
1409 35800
1410 35600
1411 35300
1412 35400
1413 35800
1414 35300
1415 35400
1416 35300
1417 35400
1418 35600
1419 35900
1420 35300
1421 161400
1422 38000
1423 105000
1424 38600
1425 36400
1426 41900
1427 34700
1428 41600
1429 36600
1430 36100
1431 35600
1432 36000
1433 35400
1434 35200
1435 35200
1436 35100
1437 35300
1438 35800
1439 35200
1440 35500
1441 35800
1442 35900
1443 35300
1444 35600
1445 35300
1446 35800
1447 35700
1448 35400
1449 35700
1450 35300
1451 35700
1452 35200
1453 35500
1454 36800
1455 35700
1456 35700
1457 35600
1458 35200
1459 35400
1460 35600
1461 35800
1462 35600
1463 35200
1464 35600
1465 35600
1466 35600
1467 35800
1468 35500
1469 35400
1470 35400
1471 35800
1472 35700
1473 35100
1474 35800
1475 35200
1476 35300
1477 35800
1478 35700
1479 35600
1480 35600
1481 35600
1482 35500
1483 89900
1484 176000
1485 174200
1486 219600
1487 140400
1488 91300
1489 40800
1490 43600
1491 93200
1492 43200
1493 41000
1494 78400
1495 40900
1496 38900
1497 38800
1498 39000
1499 38600
1500 39100
1501 38600
1502 38800
1503 38900
1504 38900
1505 38900
1506 38600
1507 39000
1508 38700
1509 39000
1510 35600
1511 36100
1512 35900
1513 35600
1514 38400
1515 39000
1516 38600
1517 38700
1518 38800
1519 38700
1520 39300
1521 38900
1522 38700
1523 38700
1524 38700
1525 38500
1526 189200
1527 40400
1528 38200
1529 38200
1530 37700
1531 37800
1532 36500
1533 35900
1534 36000
1535 35900
1536 40000
1537 88000
1538 85400
1539 85400
1540 86100
1541 85700
1542 70500
1543 68800
1544 68800
1545 37800
1546 71000
1547 70100
1548 35600
1549 35300
1550 35600
1551 35700
1552 38600
1553 67300
1554 71400
1555 70700
1556 35300
1557 35500
1558 35300
1559 35100
1560 35400
1561 35300
1562 35400
1563 35600
1564 35300
1565 35500
1566 35300
1567 34900
1568 35400
1569 35200
1570 35100
1571 35300
1572 35300
1573 35400
1574 35400
1575 35300
1576 35400
1577 39800
1578 35600
1579 36000
1580 35500
1581 35600
1582 35200
1583 35500
1584 35500
1585 35300
1586 35400
1587 35600
1588 35300
1589 35700
1590 35300
1591 35400
1592 35400
1593 35500
1594 35400
1595 35500
1596 35300
1597 35600
1598 35300
1599 35400
1600 35500
1601 35200
1602 35500
1603 35500
1604 35100
1605 37500
1606 35400
1607 35400
1608 35600
1609 35300
1610 35500
1611 35100
1612 35100
1613 35400
1614 35300
1615 35400
1616 35300
1617 34800
1618 35400
1619 35100
1620 35300
1621 35400
1622 35400
1623 35200
1624 35300
1625 35300
1626 35400
1627 35300
1628 35200
1629 35500
1630 35500
1631 35400
1632 35400
1633 39900
1634 35700
1635 35600
1636 35500
1637 35300
1638 35400
1639 35500
1640 35300
1641 35800
1642 35400
1643 35600
1644 35500
1645 35300
1646 35000
1647 35200
1648 35400
1649 35500
1650 35300
1651 35400
1652 35300
1653 35500
1654 35300
1655 35400
1656 35300
1657 35500
1658 35400
1659 35300
1660 35300
1661 41000
1662 35500
1663 35500
1664 35300
1665 35400
1666 35400
1667 35300
1668 35600
1669 35100
1670 35500
1671 35400
1672 35300
1673 35500
1674 35400
1675 35000
1676 35500
1677 35100
1678 35500
1679 35300
1680 35300
1681 35400
1682 35700
1683 35300
1684 35300
1685 35100
1686 35400
1687 35500
1688 35400
1689 38600
1690 35700
1691 35700
1692 35400
1693 35300
1694 35200
1695 35300
1696 35300
1697 35600
1698 35300
1699 35400
1700 35400
1701 35100
1702 35300
1703 35500
1704 35200
1705 38000
1706 42200
1707 37200
1708 36000
1709 35900
1710 35700
1711 35500
1712 35600
1713 35600
1714 35600
1715 35500
1716 36400
1717 43900
1718 43700
1719 87000
1720 39900
1721 36800
1722 36000
1723 35900
1724 36900
1725 35500
1726 35900
1727 35200
1728 120300
1729 39600
1730 41500
1731 43500
1732 38300
1733 49400
1734 38400
1735 40000
1736 50600
1737 42900
1738 44600
1739 38900
1740 51100
1741 53400
1742 45700
1743 42100
1744 50400
1745 38200
1746 38700
1747 35100
1748 43900
1749 37600
1750 37400
1751 39700
1752 84400
1753 41500
1754 38900
1755 38900
1756 38900
1757 36500
1758 79900
1759 63100
1760 44900
1761 40500
1762 29100
1763 40800
1764 35600
1765 35800
1766 35500
1767 35800
1768 35200
1769 35200
1770 35600
1771 35200
1772 35500
1773 35700
1774 35100
1775 35500
1776 35500
1777 35100
1778 35000
1779 35300
1780 35500
1781 35200
1782 35400
1783 35000
1784 35300
1785 35500
1786 35500
1787 39800
1788 39300
1789 37500
1790 36100
1791 35700
1792 35600
1793 35300
1794 35400
1795 35900
1796 35100
1797 35200
1798 35800
1799 35700
1800 35600
1801 35200
1802 35400
1803 35600
1804 35200
1805 35500
1806 35600
1807 35600
1808 35800
1809 35200
1810 35900
1811 35300
1812 35500
1813 35700
1814 35600
1815 38200
1816 37400
1817 36000
1818 35600
1819 35300
1820 35700
1821 35500
1822 35400
1823 35800
1824 35300
1825 35100
1826 35600
1827 35600
1828 35500
1829 35400
1830 35600
1831 35800
1832 35100
1833 35300
1834 35400
1835 35600
1836 35200
1837 35400
1838 35700
1839 35300
1840 35700
1841 35700
1842 35200
1843 36400
1844 35500
1845 35000
1846 35700
1847 35500
1848 35600
1849 157900
1850 39000
1851 126600
1852 38200
1853 36300
1854 35800
1855 35100
1856 113300
1857 39300
1858 37500
1859 36000
1860 35800
1861 35900
1862 36400
1863 40000
1864 39300
1865 36500
1866 38500
1867 40200
1868 61100
1869 33300
1870 44000
1871 39100
1872 37000
1873 36000
1874 35800
1875 35800
1876 35700
1877 36300
1878 30800
1879 38900
1880 37100
1881 37700
1882 37200
1883 123600
1884 39000
1885 37600
1886 36600
1887 257100
1888 194400
1889 34600
1890 36400
1891 205900
1892 190300
1893 38000
1894 39300
1895 34900
1896 227900
1897 141500
1898 63200
1899 36900
1900 35200
1901 35300
1902 34800
1903 35200
1904 35000
1905 34700
1906 34500
1907 34600
1908 34700
1909 34700
1910 35000
1911 35200
1912 35800
1913 37900
1914 36400
1915 35700
1916 36600
1917 35700
1918 35500
1919 34900
1920 42600
1921 37200
1922 35700
1923 35600
1924 35400
1925 35600
1926 35600
1927 35700
1928 35700
1929 35600
1930 35600
1931 35700
1932 35800
1933 35200
1934 35500
1935 35600
1936 35700
1937 35800
1938 35800
1939 35500
1940 35600
1941 35900
1942 35500
1943 35400
1944 36000
1945 35600
1946 35600
1947 35700
1948 35500
1949 35600
1950 35800
1951 35600
1952 35600
1953 35600
1954 35600
1955 35400
1956 35600
1957 35800
1958 35500
1959 35500
1960 35600
1961 35700
1962 35600
1963 41000
1964 36600
1965 89400
1966 40600
1967 43000
1968 190800
1969 172200
1970 162600
1971 164300
1972 161900
1973 146200
1974 35700
1975 35700
1976 35000
1977 34800
1978 34400
1979 34700
1980 34800
1981 34600
1982 34700
1983 34400
1984 34800
1985 34600
1986 34500
1987 35000
1988 35400
1989 35100
1990 34700
1991 34600
1992 35300
1993 34900
1994 34800
1995 35300
1996 35000
1997 35000
1998 35100
1999 34600
Total 8.58466e+07 Average 42923.3
