30 30
0 9.0792e-39
1 30200
2 29100
3 28900
4 29300
5 29400
6 29800
7 28900
8 28200
9 28900
10 29600
11 29900
12 30900
13 33800
14 35500
15 36600
16 32000
17 31100
18 32700
19 33200
20 29700
21 29900
22 28800
23 28100
24 28100
25 28000
26 28100
27 28000
28 28300
29 28400
30 28400
31 28600
32 28500
33 29500
34 28600
35 29500
36 29300
37 30600
38 29700
39 30700
40 32000
41 32200
42 29200
43 29000
44 28900
45 28300
46 30200
47 28000
48 28000
49 28000
50 28000
51 27900
52 28000
53 28100
54 28000
55 28000
56 28000
57 28100
58 28100
59 28000
60 28100
61 28400
62 28300
63 28000
64 28100
65 27900
66 28200
67 28000
68 29100
69 28100
70 28300
71 28300
72 28100
73 28200
74 28400
75 28300
76 28100
77 28600
78 28100
79 28500
80 28300
81 30700
82 30400
83 28300
84 28300
85 28400
86 28400
87 28100
88 28400
89 28300
90 28100
91 28100
92 28100
93 28300
94 28000
95 28300
96 28100
97 28000
98 28500
99 28100
100 28000
101 28000
102 28300
103 28100
104 28700
105 28000
106 28000
107 28000
108 28000
109 28100
110 28100
111 28000
112 28000
113 27900
114 28000
115 28100
116 28000
117 31000
118 28000
119 28100
120 28100
121 28000
122 28000
123 28000
124 28300
125 28300
126 27900
127 28200
128 28000
129 28300
130 28100
131 27900
132 27900
133 28000
134 28000
135 28000
136 27900
137 28000
138 28100
139 28100
140 28100
141 28100
142 28100
143 28100
144 28100
145 28200
146 28100
147 28100
148 28000
149 28000
150 28000
151 28000
152 36700
153 28000
154 28100
155 28000
156 28000
157 28000
158 28000
159 28100
160 28000
161 27900
162 28000
163 28000
164 28000
165 27900
166 27900
167 28000
168 28000
169 28000
170 27900
171 28000
172 27900
173 27900
174 27900
175 27900
176 27900
177 27900
178 27900
179 27900
180 27900
181 27900
182 27900
183 27900
184 27900
185 27900
186 27900
187 31300
188 28000
189 27900
190 28000
191 28300
192 29000
193 28600
194 28500
195 28100
196 28300
197 28400
198 28200
199 28100
200 28400
201 28000
202 28000
203 28000
204 27900
205 28000
206 28000
207 28000
208 28000
209 28000
210 27900
211 27900
212 27900
213 27900
214 27900
215 28000
216 28000
217 27900
218 27900
219 27900
220 27900
221 27900
222 27900
223 30500
224 28000
225 28000
226 28000
227 28000
228 27900
229 28000
230 28000
231 28000
232 28000
233 28000
234 27900
235 28000
236 28000
237 27900
238 27900
239 28000
240 27900
241 27900
242 28200
243 28000
244 28200
245 28200
246 28000
247 28100
248 28000
249 28000
250 28000
251 27900
252 28000
253 28000
254 28000
255 28000
256 27900
257 28000
258 29700
259 28300
260 27900
261 27900
262 28000
263 27900
264 28000
265 28000
266 27900
267 27900
268 27900
269 28000
270 28000
271 27900
272 27900
273 28000
274 27900
275 27900
276 27900
277 27900
278 27900
279 27900
280 28000
281 28000
282 27900
283 28000
284 27900
285 27900
286 28000
287 27900
288 27900
289 27900
290 27900
291 27900
292 27800
293 27900
294 30200
295 28000
296 28000
297 28000
298 27900
299 27900
300 27900
301 27900
302 27900
303 28000
304 28000
305 28000
306 27900
307 28000
308 27900
309 28000
310 28000
311 27900
312 28000
313 28000
314 27900
315 28000
316 27900
317 27900
318 27900
319 27900
320 28000
321 27900
322 27900
323 27900
324 27800
325 27900
326 27900
327 27900
328 28000
329 30100
330 28000
331 28000
332 28000
333 28000
334 27900
335 27900
336 27900
337 27900
338 27900
339 27900
340 27900
341 27900
342 27900
343 27900
344 28000
345 27900
346 27900
347 28000
348 27900
349 28000
350 28000
351 27900
352 28000
353 27900
354 28000
355 28000
356 28000
357 27900
358 28000
359 28000
360 27900
361 28000
362 28000
363 28000
364 28200
365 32500
366 27500
367 27700
368 27700
369 27500
370 27400
371 27500
372 27400
373 27500
374 27400
375 27500
376 27600
377 27500
378 27700
379 27600
380 27500
381 27400
382 27400
383 27500
384 27400
385 27500
386 27500
387 27500
388 27500
389 27500
390 27500
391 27600
392 27600
393 27500
394 27500
395 27400
396 27800
397 27400
398 27400
399 27500
400 27500
401 30500
402 28300
403 28100
404 28000
405 28100
406 28000
407 28000
408 28100
409 31100
410 28100
411 28000
412 28000
413 28000
414 28000
415 28100
416 28100
417 28100
418 28000
419 28000
420 28000
421 27900
422 28100
423 28000
424 27900
425 28000
426 27900
427 27900
428 27900
429 28000
430 28000
431 28000
432 27900
433 27900
434 27900
435 27900
436 30300
437 28100
438 28000
439 28100
440 27900
441 27900
442 27900
443 28000
444 28000
445 27900
446 27900
447 28000
448 28000
449 27900
450 28100
451 28000
452 28000
453 27900
454 27900
455 27900
456 28000
457 28000
458 28000
459 27900
460 28000
461 28000
462 28000
463 28000
464 28000
465 27900
466 28100
467 28000
468 28000
469 27900
470 28000
471 28500
472 31000
473 28000
474 27900
475 31800
476 31200
477 32500
478 36700
479 27900
480 28000
481 27900
482 28000
483 28000
484 27900
485 27900
486 29200
487 28600
488 27900
489 28000
490 28100
491 27900
492 27900
493 27900
494 28000
495 28000
496 28000
497 28000
498 28000
499 28000
500 28000
501 27900
502 27900
503 28000
504 28000
505 28000
506 30000
507 28000
508 27900
509 27900
510 27900
511 28000
512 28000
513 27900
514 27900
515 28000
516 27900
517 27900
518 27900
519 27900
520 28000
521 27900
522 28000
523 27900
524 27900
525 27900
526 28000
527 28000
528 28000
529 28000
530 28000
531 27900
532 28000
533 28000
534 28000
535 27900
536 28000
537 27900
538 27900
539 27900
540 28000
541 28000
542 30500
543 28000
544 27900
545 28000
546 28000
547 28000
548 27900
549 28000
550 27900
551 27900
552 27900
553 28000
554 27900
555 28000
556 28000
557 28000
558 27900
559 27900
560 27900
561 27900
562 27900
563 27900
564 27900
565 28000
566 28000
567 28000
568 28000
569 28000
570 28000
571 28000
572 27900
573 27900
574 27900
575 28000
576 28000
577 40000
578 27900
579 27900
580 28000
581 27900
582 27900
583 27900
584 27900
585 28100
586 28100
587 28000
588 27900
589 27900
590 27900
591 28000
592 28000
593 27900
594 27900
595 28000
596 28000
597 27900
598 27900
599 27900
600 27900
601 28000
602 27900
603 28000
604 27900
605 27900
606 27900
607 27900
608 28000
609 28000
610 28000
611 28000
612 30300
613 28100
614 28000
615 28000
616 28000
617 28000
618 27900
619 27900
620 28000
621 28000
622 28000
623 27900
624 27900
625 28000
626 27900
627 28000
628 28000
629 28000
630 28000
631 27900
632 27900
633 27900
634 27900
635 28000
636 27900
637 27900
638 28000
639 27900
640 27900
641 28000
642 27900
643 27900
644 27900
645 27900
646 28000
647 28000
648 29700
649 28000
650 28000
651 28000
652 28100
653 27900
654 28000
655 27900
656 28000
657 28300
658 29700
659 28000
660 28000
661 27900
662 28100
663 27900
664 28000
665 28000
666 28000
667 28100
668 28100
669 28100
670 28000
671 28100
672 28100
673 28000
674 28000
675 28200
676 28000
677 28400
678 27900
679 28300
680 28000
681 28400
682 28400
683 32400
684 30700
685 28100
686 28100
687 28000
688 27900
689 28000
690 28000
691 28000
692 28000
693 28000
694 28000
695 28000
696 27900
697 28000
698 28000
699 28000
700 27900
701 27900
702 27900
703 27900
704 28000
705 28100
706 28000
707 27900
708 27900
709 28000
710 27900
711 27900
712 28000
713 28000
714 28000
715 28000
716 28000
717 27900
718 28000
719 30500
720 28100
721 28000
722 28100
723 28200
724 27900
725 28300
726 27900
727 27900
728 28100
729 27900
730 28000
731 27900
732 28200
733 28200
734 28200
735 28200
736 28200
737 27900
738 28000
739 28100
740 27900
741 28000
742 27900
743 28000
744 27900
745 27900
746 28000
747 27900
748 28000
749 28000
750 27900
751 27900
752 27900
753 27900
754 30800
755 28000
756 27900
757 28000
758 28100
759 28300
760 28000
761 27900
762 28000
763 28000
764 28000
765 28000
766 28000
767 27900
768 28000
769 27900
770 28000
771 27900
772 28000
773 28000
774 28100
775 28000
776 27900
777 28000
778 27900
779 27900
780 27900
781 28000
782 28000
783 28000
784 27900
785 27900
786 28000
787 28000
788 28000
789 29600
790 28500
791 28000
792 28000
793 27900
794 28000
795 28000
796 28100
797 28000
798 28000
799 27800
800 28000
801 28000
802 28000
803 28000
804 27900
805 27900
806 28000
807 28000
808 27900
809 27800
810 28000
811 28000
812 28000
813 28000
814 28000
815 27900
816 28000
817 27900
818 27900
819 28000
820 28000
821 27900
822 27900
823 27900
824 28000
825 30800
826 28000
827 28100
828 27900
829 28100
830 28000
831 28100
832 28000
833 27900
834 27900
835 27900
836 27900
837 27900
838 27900
839 27900
840 27900
841 27900
842 27900
843 27900
844 28000
845 28000
846 27900
847 28000
848 27900
849 28000
850 27800
851 27900
852 27900
853 28000
854 27900
855 27900
856 28000
857 28000
858 27900
859 27900
860 28200
861 31300
862 27900
863 27900
864 27900
865 27900
866 27900
867 27900
868 27900
869 28000
870 28000
871 27900
872 28000
873 28000
874 27900
875 27900
876 28100
877 28000
878 28000
879 27900
880 28000
881 28000
882 27900
883 28000
884 28000
885 27800
886 28000
887 28000
888 28000
889 27900
890 27900
891 27900
892 28000
893 27900
894 27900
895 27900
896 30200
897 28000
898 27900
899 27900
900 28000
901 28000
902 28000
903 28100
904 28000
905 28000
906 27900
907 27900
908 28000
909 28100
910 28000
911 28000
912 27900
913 27900
914 28000
915 27900
916 27900
917 28000
918 28000
919 28000
920 27900
921 27900
922 27900
923 27900
924 27900
925 27900
926 28000
927 27900
928 27900
929 28000
930 27900
931 28200
932 29700
933 28000
934 28000
935 28000
936 28000
937 27900
938 27900
939 27900
940 27900
941 28000
942 28000
943 28000
944 28000
945 28000
946 28000
947 28000
948 27900
949 28000
950 28000
951 28000
952 27900
953 27900
954 28000
955 28000
956 27900
957 28000
958 28000
959 28000
960 27900
961 27900
962 28000
963 28000
964 28000
965 28000
966 27900
967 30100
968 28000
969 28000
970 28000
971 28100
972 28100
973 27900
974 27900
975 28000
976 28100
977 28100
978 28100
979 28100
980 28200
981 28200
982 28500
983 28100
984 28100
985 28100
986 27900
987 27900
988 28000
989 28000
990 28000
991 28000
992 28000
993 27900
994 28000
995 28200
996 28000
997 28000
998 27900
999 28000
1000 28000
1001 28000
1002 29700
1003 28400
1004 27900
1005 28000
1006 27900
1007 27900
1008 27900
1009 28000
1010 27900
1011 27900
1012 27900
1013 28000
1014 28000
1015 28000
1016 28000
1017 27900
1018 28100
1019 28000
1020 28000
1021 28000
1022 28000
1023 27900
1024 28000
1025 28100
1026 28000
1027 28100
1028 28000
1029 27900
1030 28400
1031 27900
1032 28000
1033 28100
1034 28000
1035 28000
1036 28000
1037 28000
1038 30300
1039 27900
1040 27900
1041 28000
1042 27900
1043 28000
1044 27900
1045 27900
1046 27900
1047 27900
1048 27900
1049 27900
1050 27900
1051 28000
1052 28000
1053 28000
1054 28000
1055 27900
1056 27900
1057 27900
1058 27900
1059 28000
1060 27900
1061 27900
1062 28000
1063 27900
1064 28000
1065 27900
1066 27900
1067 27900
1068 27900
1069 27900
1070 28000
1071 28000
1072 28000
1073 29600
1074 28000
1075 28000
1076 28100
1077 28000
1078 28000
1079 28000
1080 28000
1081 27900
1082 27900
1083 27900
1084 27900
1085 28000
1086 28200
1087 28100
1088 28100
1089 28000
1090 27800
1091 28100
1092 28000
1093 28000
1094 28000
1095 28000
1096 28000
1097 28100
1098 27900
1099 28100
1100 28000
1101 27900
1102 27900
1103 27900
1104 27900
1105 27900
1106 27900
1107 28000
1108 28000
1109 30700
1110 27900
1111 28000
1112 28000
1113 28000
1114 28000
1115 27900
1116 27900
1117 27900
1118 27900
1119 27900
1120 28000
1121 28000
1122 27900
1123 28000
1124 28000
1125 28000
1126 28000
1127 27900
1128 28000
1129 28000
1130 28000
1131 28000
1132 27900
1133 28000
1134 28000
1135 28000
1136 28000
1137 28000
1138 27900
1139 28000
1140 28000
1141 27900
1142 27900
1143 27900
1144 29500
1145 28000
1146 27900
1147 28000
1148 28000
1149 28000
1150 28000
1151 28000
1152 27900
1153 28000
1154 27900
1155 28000
1156 28000
1157 28000
1158 28000
1159 28000
1160 27900
1161 27900
1162 28000
1163 27900
1164 28000
1165 28000
1166 27900
1167 28100
1168 28000
1169 27900
1170 27900
1171 28000
1172 28000
1173 28000
1174 28100
1175 28000
1176 28000
1177 28000
1178 28000
1179 27900
1180 30100
1181 27900
1182 28000
1183 27900
1184 28000
1185 27900
1186 28100
1187 27900
1188 27900
1189 28000
1190 28000
1191 27900
1192 28000
1193 27900
1194 27900
1195 28100
1196 28000
1197 27900
1198 28000
1199 28000
1200 27900
1201 28000
1202 28000
1203 28000
1204 28000
1205 27900
1206 28000
1207 28000
1208 27900
1209 28000
1210 28000
1211 28000
1212 28000
1213 27900
1214 28000
1215 29600
1216 28300
1217 28000
1218 27900
1219 27900
1220 28000
1221 28000
1222 27900
1223 28000
1224 27900
1225 27900
1226 28000
1227 28100
1228 28000
1229 28000
1230 28100
1231 35900
1232 28000
1233 28000
1234 28000
1235 27900
1236 28000
1237 27900
1238 28000
1239 28000
1240 28000
1241 27900
1242 28000
1243 27900
1244 28000
1245 28000
1246 28000
1247 36200
1248 28500
1249 55700
1250 30800
1251 29100
1252 28800
1253 28600
1254 28200
1255 27900
1256 30100
1257 35500
1258 38500
1259 38600
1260 38000
1261 38800
1262 33600
1263 29300
1264 38500
1265 35800
1266 29800
1267 36000
1268 32600
1269 28000
1270 28000
1271 28000
1272 27900
1273 28000
1274 28000
1275 28100
1276 28100
1277 28000
1278 28000
1279 28100
1280 28000
1281 28000
1282 30500
1283 27900
1284 27900
1285 28000
1286 28100
1287 27900
1288 27900
1289 28000
1290 28000
1291 28000
1292 28000
1293 28000
1294 28000
1295 27900
1296 28000
1297 28000
1298 27900
1299 28000
1300 28000
1301 28000
1302 28000
1303 28000
1304 28000
1305 28000
1306 28000
1307 28000
1308 28000
1309 28000
1310 28000
1311 27900
1312 28000
1313 28000
1314 28100
1315 28000
1316 28000
1317 28100
1318 28700
1319 28100
1320 27900
1321 27900
1322 28000
1323 27900
1324 27900
1325 28000
1326 28000
1327 27900
1328 27900
1329 28000
1330 28000
1331 28000
1332 27900
1333 28000
1334 28000
1335 28000
1336 27900
1337 27900
1338 28000
1339 28000
1340 28000
1341 28000
1342 27900
1343 28000
1344 28000
1345 28000
1346 28000
1347 28000
1348 28000
1349 27900
1350 28000
1351 27900
1352 28000
1353 28000
1354 28600
1355 27900
1356 28000
1357 28000
1358 28000
1359 27900
1360 27900
1361 28000
1362 27900
1363 28000
1364 28000
1365 28000
1366 28000
1367 28000
1368 28000
1369 28000
1370 28000
1371 28000
1372 28100
1373 28000
1374 28000
1375 28100
1376 28000
1377 28000
1378 28000
1379 28000
1380 28000
1381 28000
1382 28000
1383 28000
1384 28000
1385 28000
1386 28000
1387 28000
1388 27900
1389 28000
1390 28400
1391 28000
1392 27900
1393 27900
1394 27900
1395 28000
1396 28000
1397 27900
1398 27900
1399 28000
1400 28100
1401 27900
1402 28000
1403 27900
1404 27900
1405 28000
1406 27900
1407 27900
1408 28000
1409 27900
1410 27900
1411 27900
1412 28000
1413 28000
1414 28000
1415 28300
1416 28400
1417 28100
1418 28100
1419 27900
1420 28100
1421 28300
1422 28100
1423 28000
1424 29100
1425 28100
1426 28100
1427 28000
1428 28300
1429 28300
1430 28200
1431 28000
1432 28300
1433 38000
1434 28000
1435 28000
1436 27900
1437 28000
1438 28000
1439 28000
1440 27900
1441 28000
1442 28000
1443 27900
1444 28000
1445 28000
1446 27900
1447 28000
1448 27900
1449 28000
1450 27900
1451 27900
1452 28000
1453 28000
1454 28000
1455 28000
1456 28000
1457 27900
1458 28000
1459 28000
1460 29100
1461 28000
1462 27900
1463 27900
1464 28000
1465 28000
1466 28000
1467 28000
1468 28000
1469 27900
1470 28000
1471 27900
1472 28000
1473 28000
1474 28000
1475 28000
1476 28000
1477 28300
1478 28000
1479 27900
1480 28000
1481 28000
1482 28000
1483 28000
1484 28000
1485 28000
1486 27900
1487 27900
1488 28000
1489 28000
1490 28000
1491 27900
1492 28000
1493 28000
1494 28000
1495 28000
1496 28600
1497 28000
1498 28000
1499 28000
1500 27900
1501 28000
1502 27900
1503 28000
1504 27900
1505 28000
1506 28000
1507 28000
1508 27900
1509 27900
1510 27900
1511 27900
1512 27900
1513 28000
1514 27900
1515 28000
1516 28000
1517 27900
1518 28000
1519 28000
1520 27900
1521 28000
1522 28000
1523 27900
1524 27900
1525 28000
1526 27900
1527 28000
1528 28000
1529 28000
1530 27900
1531 28500
1532 28000
1533 28000
1534 28100
1535 28300
1536 28000
1537 28000
1538 28000
1539 28100
1540 28100
1541 27900
1542 28000
1543 28000
1544 27900
1545 28000
1546 28000
1547 27900
1548 28000
1549 28000
1550 28000
1551 28000
1552 27900
1553 27900
1554 28000
1555 28000
1556 27900
1557 28000
1558 27900
1559 28000
1560 28000
1561 28000
1562 28000
1563 27900
1564 28000
1565 27900
1566 28000
1567 28600
1568 28000
1569 28000
1570 28000
1571 28400
1572 28400
1573 27900
1574 28200
1575 27900
1576 28000
1577 27900
1578 28100
1579 28100
1580 28000
1581 28000
1582 28000
1583 28200
1584 28100
1585 28200
1586 28000
1587 28000
1588 28100
1589 28100
1590 28000
1591 28000
1592 28000
1593 27900
1594 27900
1595 27900
1596 28000
1597 28100
1598 28000
1599 28000
1600 27900
1601 28100
1602 29100
1603 28100
1604 28000
1605 28000
1606 28000
1607 28000
1608 28000
1609 28000
1610 28000
1611 28000
1612 27900
1613 28100
1614 28000
1615 28000
1616 27900
1617 28000
1618 28000
1619 28000
1620 28000
1621 28000
1622 28100
1623 28100
1624 28100
1625 28000
1626 28000
1627 28000
1628 28200
1629 27900
1630 28000
1631 28000
1632 27900
1633 27900
1634 27900
1635 28000
1636 27900
1637 28000
1638 39200
1639 28000
1640 27900
1641 28000
1642 28000
1643 27900
1644 28000
1645 28000
1646 27900
1647 27900
1648 28000
1649 28100
1650 28000
1651 27900
1652 28000
1653 27900
1654 27900
1655 28000
1656 28000
1657 28000
1658 28000
1659 28000
1660 28000
1661 28000
1662 28000
1663 27900
1664 27900
1665 27900
1666 28000
1667 27900
1668 28000
1669 28000
1670 28000
1671 27900
1672 28000
1673 28500
1674 28000
1675 28000
1676 27900
1677 28000
1678 28000
1679 28000
1680 28000
1681 28000
1682 28000
1683 28000
1684 27900
1685 28000
1686 28000
1687 27900
1688 28000
1689 28000
1690 27900
1691 27900
1692 28000
1693 28100
1694 28000
1695 27900
1696 28000
1697 28000
1698 28000
1699 28000
1700 28000
1701 27900
1702 28000
1703 28000
1704 27900
1705 27900
1706 27900
1707 27900
1708 28400
1709 27900
1710 27900
1711 28000
1712 28000
1713 28100
1714 28000
1715 28000
1716 28000
1717 28000
1718 27900
1719 28000
1720 28000
1721 28000
1722 28000
1723 28000
1724 28000
1725 28000
1726 28100
1727 27900
1728 28000
1729 28000
1730 27900
1731 28000
1732 28000
1733 27900
1734 28000
1735 27900
1736 27900
1737 28000
1738 27900
1739 27900
1740 27900
1741 27900
1742 27900
1743 28000
1744 28400
1745 28000
1746 28000
1747 27900
1748 27900
1749 27900
1750 28000
1751 28000
1752 27900
1753 28000
1754 28000
1755 28000
1756 27900
1757 27900
1758 27900
1759 28000
1760 28000
1761 28000
1762 28000
1763 27900
1764 27900
1765 28000
1766 27900
1767 27900
1768 28000
1769 28000
1770 28000
1771 28000
1772 27900
1773 28000
1774 27900
1775 28000
1776 28000
1777 28000
1778 28000
1779 28600
1780 27900
1781 28000
1782 28200
1783 28300
1784 28200
1785 28000
1786 27900
1787 28200
1788 28000
1789 28100
1790 27900
1791 28000
1792 28000
1793 28000
1794 28000
1795 28000
1796 28000
1797 28000
1798 28000
1799 27800
1800 27900
1801 27900
1802 28000
1803 28000
1804 28000
1805 27900
1806 28000
1807 28000
1808 28000
1809 27900
1810 28000
1811 27900
1812 27900
1813 27900
1814 27900
1815 28000
1816 28700
1817 28000
1818 28000
1819 27900
1820 27900
1821 28000
1822 28000
1823 28000
1824 27900
1825 27900
1826 28000
1827 28000
1828 28000
1829 27900
1830 28100
1831 27900
1832 28000
1833 28000
1834 28200
1835 28100
1836 28100
1837 28000
1838 28000
1839 28500
1840 28100
1841 28000
1842 28400
1843 28100
1844 28100
1845 28500
1846 28600
1847 27900
1848 28100
1849 28800
1850 28000
1851 28200
1852 28100
1853 28200
1854 28300
1855 27900
1856 28300
1857 28000
1858 28000
1859 28000
1860 28000
1861 28000
1862 28000
1863 28200
1864 27900
1865 28000
1866 27900
1867 28000
1868 27900
1869 27900
1870 27900
1871 28000
1872 28100
1873 28000
1874 28000
1875 28000
1876 28100
1877 28000
1878 28000
1879 27900
1880 28000
1881 28000
1882 27900
1883 28000
1884 28100
1885 28000
1886 27900
1887 28700
1888 28000
1889 27900
1890 28000
1891 28000
1892 28000
1893 28000
1894 27900
1895 28000
1896 27900
1897 27900
1898 27900
1899 27900
1900 27900
1901 27900
1902 27900
1903 27900
1904 28000
1905 28000
1906 28000
1907 28000
1908 27900
1909 28000
1910 27900
1911 27900
1912 27900
1913 27900
1914 28000
1915 28000
1916 28000
1917 28000
1918 27900
1919 28000
1920 27900
1921 28000
1922 28500
1923 28000
1924 27900
1925 27900
1926 28000
1927 27900
1928 28000
1929 28000
1930 28000
1931 28000
1932 28000
1933 28000
1934 28000
1935 28000
1936 27900
1937 28000
1938 28000
1939 27900
1940 28000
1941 28100
1942 28000
1943 27900
1944 28000
1945 27900
1946 27900
1947 28000
1948 28000
1949 28000
1950 27900
1951 27900
1952 28000
1953 28000
1954 28000
1955 28000
1956 27900
1957 28000
1958 28700
1959 27900
1960 27900
1961 28000
1962 28000
1963 28000
1964 27900
1965 28000
1966 28000
1967 28000
1968 28000
1969 28000
1970 27900
1971 28000
1972 28000
1973 28000
1974 28000
1975 27900
1976 27900
1977 27900
1978 28000
1979 28000
1980 27900
1981 27900
1982 27900
1983 27900
1984 27900
1985 28000
1986 28000
1987 27900
1988 28000
1989 28000
1990 28000
1991 27900
1992 27900
1993 27900
1994 28400
1995 28100
1996 28000
1997 28000
1998 27900
1999 28000
Total 5.63296e+07 Average 28164.8
