30 30
4
0 9.0792e-39
1 829500
2 30800
3 29900
4 29500
5 29700
6 29900
7 29400
8 28700
9 28700
10 29100
11 29200
12 29400
13 27700
14 30400
15 32800
16 30600
17 28900
18 28600
19 28600
20 29000
21 28500
22 28500
23 28100
24 28300
25 28000
26 28100
27 28100
28 28100
29 28100
30 28100
31 28200
32 28400
33 28600
34 35100
35 42100
36 32200
37 32000
38 32800
39 29600
40 32200
41 33500
42 33700
43 28200
44 31900
45 29500
46 27500
47 31400
48 26700
49 28500
50 34700
51 28500
52 34000
53 30000
54 30700
55 30900
56 29800
57 29600
58 45400
59 47900
60 46400
61 45400
62 29600
63 32500
64 65000
65 46000
66 30100
67 32300
68 35600
69 104800
70 72000
71 44400
72 32000
73 30000
74 28900
75 29500
76 29800
77 43600
78 28500
79 31700
80 34400
81 39900
82 40900
83 43800
84 33100
85 32800
86 37800
87 59600
88 40000
89 33500
90 38600
91 43300
92 32700
93 32000
94 32400
95 41100
96 36700
97 192300
98 74700
99 37000
100 34800
101 29400
102 178200
103 67900
104 84500
105 31700
106 29100
107 28500
108 28200
109 28000
110 28200
111 28200
112 28000
113 28300
114 28100
115 28200
116 28200
117 28300
118 28100
119 28100
120 28300
121 28200
122 28300
123 28100
124 29200
125 28200
126 28300
127 28100
128 28400
129 28300
130 28500
131 28300
132 28600
133 28400
134 30200
135 32100
136 31000
137 34300
138 30500
139 37600
140 28500
141 28200
142 28600
143 28200
144 28200
145 28300
146 28300
147 28200
148 28200
149 28400
150 28700
151 35900
152 32900
153 30600
154 41100
155 36600
156 32100
157 128100
158 46000
159 31100
160 40000
161 112600
162 33400
163 31500
164 30100
165 32700
166 75100
167 31100
168 29800
169 30200
170 29800
171 30100
172 35300
173 69600
174 35200
175 61600
176 72500
177 35800
178 61500
179 64000
180 35600
181 75200
182 56200
183 36000
184 75600
185 71200
186 35600
187 61700
188 57900
189 33000
190 123000
191 28000
192 27200
193 26600
194 27100
195 27000
196 27100
197 26900
198 27100
199 27000
200 27400
201 27300
202 27200
203 27200
204 27400
205 27600
206 27200
207 27000
208 27400
209 26800
210 27000
211 26900
212 27900
213 28700
214 30000
215 28600
216 27600
217 27500
218 26100
219 28200
220 31600
221 28200
222 32900
223 35000
224 25600
225 28300
226 28200
227 28600
228 27800
229 28000
230 27900
231 27900
232 27900
233 28900
234 28900
235 28800
236 27900
237 27100
238 28200
239 28700
240 27800
241 27800
242 28600
243 100300
244 28700
245 28000
246 32300
247 119200
248 27600
249 29500
250 26000
251 28100
252 28000
253 28000
254 28800
255 28000
256 28000
257 28100
258 28000
259 28100
260 28100
261 27800
262 28100
263 28900
264 31000
265 29000
266 29800
267 28900
268 28700
269 29700
270 25700
271 50000
272 51400
273 41800
274 69400
275 42400
276 25000
277 47500
278 50800
279 34500
280 30800
281 33200
282 107800
283 30400
284 29500
285 37700
286 34400
287 30900
288 33700
289 30700
290 29100
291 29300
292 28500
293 28600
294 28700
295 28600
296 28600
297 28600
298 28800
299 29100
300 28400
301 28500
302 32700
303 28500
304 28600
305 28800
306 28600
307 28600
308 28400
309 28700
310 28600
311 28400
312 28500
313 28400
314 28400
315 28600
316 28600
317 28700
318 28800
319 28600
320 49400
321 28700
322 28800
323 26500
324 29800
325 26400
326 27100
327 26800
328 26900
329 27400
330 35400
331 30000
332 80200
333 30900
334 29300
335 30600
336 29600
337 31000
338 106200
339 69000
340 33500
341 35400
342 38500
343 34800
344 33200
345 36600
346 32400
347 31300
348 31600
349 28600
350 82600
351 201400
352 169900
353 179900
354 183100
355 37300
356 28400
357 34900
358 58200
359 34700
360 31400
361 30100
362 71700
363 29400
364 28100
365 68700
366 32500
367 28300
368 76300
369 27900
370 34200
371 69300
372 29300
373 28000
374 28000
375 27500
376 27600
377 27800
378 27700
379 27700
380 27600
381 27800
382 27800
383 27600
384 28600
385 27800
386 27500
387 28100
388 27700
389 27500
390 27800
391 27500
392 27700
393 27900
394 27800
395 28100
396 27900
397 27600
398 27900
399 27500
400 27700
401 27700
402 27800
403 27900
404 27700
405 27800
406 27900
407 27600
408 28000
409 27700
410 32300
411 32000
412 28200
413 28400
414 27300
415 27000
416 25900
417 28300
418 27500
419 27600
420 39600
421 34100
422 65700
423 29900
424 25900
425 30400
426 26700
427 30100
428 26700
429 30100
430 32000
431 31500
432 29200
433 36500
434 29600
435 28000
436 30700
437 29100
438 29800
439 29800
440 29900
441 29700
442 29800
443 29800
444 29900
445 29700
446 30300
447 26100
448 29100
449 31100
450 27600
451 27800
452 30200
453 31400
454 29200
455 27900
456 27600
457 27700
458 27600
459 27500
460 27500
461 27600
462 27800
463 27600
464 27700
465 27500
466 27500
467 27600
468 27700
469 27600
470 34300
471 36500
472 32500
473 29700
474 28800
475 28000
476 27700
477 28500
478 27700
479 27500
480 27800
481 27600
482 27500
483 27500
484 27700
485 27700
486 28600
487 28700
488 31700
489 30800
490 33200
491 34700
492 29900
493 30100
494 25900
495 34500
496 34900
497 80600
498 35000
499 33600
500 72500
501 90800
502 80400
503 36100
504 34200
505 246600
506 57700
507 66800
508 34600
509 28600
510 28300
511 32800
512 32900
513 30800
514 26200
515 32900
516 26500
517 31800
518 31600
519 29900
520 26200
521 25900
522 25700
523 26500
524 24300
525 27400
526 28100
527 30400
528 29600
529 29500
530 30300
531 28900
532 30400
533 32100
534 38600
535 36200
536 57900
537 31300
538 41900
539 29700
540 34800
541 35500
542 47300
543 283000
544 116200
545 40600
546 184500
547 186000
548 106200
549 35900
550 34800
551 34300
552 34300
553 34500
554 34600
555 34100
556 34900
557 34300
558 34700
559 34500
560 34500
561 34800
562 34600
563 31400
564 29100
565 32200
566 80600
567 31600
568 37600
569 33000
570 30000
571 41300
572 36700
573 34200
574 34400
575 66900
576 33400
577 34600
578 31100
579 29100
580 28600
581 28600
582 28500
583 28700
584 28500
585 65800
586 223100
587 34200
588 34500
589 34200
590 84400
591 72900
592 204800
593 207500
594 201100
595 194600
596 68800
597 64200
598 27800
599 38400
600 35100
601 74400
602 30900
603 72400
604 30500
605 23300
606 27500
607 28200
608 22800
609 27400
610 116200
611 24900
612 24500
613 26400
614 26000
615 26200
616 26300
617 26400
618 26200
619 26200
620 111600
621 29800
622 24500
623 27600
624 27100
625 28400
626 27000
627 27000
628 27000
629 27300
630 27100
631 27200
632 25200
633 27100
634 27000
635 27000
636 27100
637 27000
638 27200
639 26900
640 27000
641 27100
642 26700
643 27000
644 27000
645 27000
646 51500
647 30300
648 26900
649 26100
650 26300
651 26300
652 28900
653 28300
654 28700
655 28500
656 28400
657 29000
658 28500
659 28400
660 28200
661 34500
662 70800
663 33100
664 84600
665 31200
666 27300
667 77100
668 31800
669 81100
670 31200
671 29600
672 31800
673 80800
674 32100
675 80000
676 31800
677 30800
678 31000
679 26200
680 26800
681 26500
682 26600
683 26700
684 27300
685 72500
686 28300
687 29000
688 33400
689 30600
690 66800
691 32000
692 79900
693 29000
694 28000
695 28000
696 32400
697 30300
698 67100
699 59700
700 28500
701 28200
702 28400
703 28000
704 28700
705 28700
706 28500
707 28600
708 28600
709 28800
710 28400
711 37500
712 28800
713 28600
714 28000
715 28700
716 28400
717 28700
718 28200
719 28600
720 28400
721 28500
722 29300
723 28700
724 28500
725 28600
726 28100
727 28300
728 28500
729 29000
730 29100
731 28700
732 29100
733 29400
734 29200
735 28800
736 29300
737 29500
738 28600
739 28700
740 29300
741 29400
742 28600
743 28700
744 29400
745 32900
746 29000
747 28800
748 28900
749 29400
750 31200
751 29800
752 27700
753 29900
754 73100
755 82700
756 30400
757 31400
758 74400
759 27700
760 32300
761 30000
762 55300
763 66500
764 29300
765 28200
766 28600
767 28700
768 28400
769 28800
770 28500
771 28700
772 40200
773 34300
774 27900
775 67600
776 66100
777 63200
778 69200
779 69200
780 70600
781 67600
782 61200
783 30600
784 67400
785 27000
786 27100
787 28100
788 26700
789 27100
790 28400
791 26800
792 27200
793 27000
794 27000
795 40100
796 26000
797 24800
798 27200
799 25400
800 27200
801 24600
802 27200
803 24700
804 27000
805 24700
806 27400
807 24600
808 27200
809 24600
810 27100
811 24600
812 27200
813 24500
814 27000
815 24600
816 27100
817 24700
818 27000
819 24700
820 27400
821 24700
822 27200
823 24700
824 27200
825 24700
826 27200
827 24600
828 27200
829 24700
830 27200
831 24800
832 38500
833 27700
834 28000
835 25200
836 27400
837 24600
838 27200
839 24700
840 27200
841 24600
842 27300
843 24700
844 27200
845 24700
846 27100
847 24600
848 26200
849 24600
850 27000
851 24800
852 27200
853 25300
854 27100
855 24800
856 27900
857 29600
858 26700
859 26900
860 27000
861 36500
862 32400
863 29500
864 30100
865 31600
866 35400
867 78200
868 31500
869 79100
870 32400
871 37200
872 31300
873 66700
874 73900
875 28000
876 78000
877 32800
878 30000
879 33300
880 30200
881 33300
882 29800
883 32800
884 30100
885 31300
886 32300
887 32100
888 30100
889 31600
890 31600
891 32200
892 32400
893 33800
894 71900
895 77700
896 77900
897 65500
898 79100
899 77600
900 78500
901 86500
902 29800
903 33700
904 66400
905 29800
906 29900
907 30100
908 29900
909 29700
910 30100
911 29700
912 31100
913 29800
914 29900
915 29800
916 29900
917 29700
918 30100
919 29900
920 29900
921 29800
922 29700
923 29900
924 29900
925 29800
926 30100
927 30500
928 29800
929 29900
930 135100
931 30000
932 31000
933 33700
934 28500
935 28500
936 28700
937 28500
938 28600
939 28400
940 28400
941 28800
942 29700
943 33500
944 73800
945 31400
946 74800
947 33400
948 30300
949 27000
950 30300
951 27700
952 28600
953 30700
954 81300
955 27200
956 33900
957 32400
958 29300
959 30200
960 33100
961 31500
962 28000
963 30100
964 25400
965 29500
966 25500
967 29700
968 29500
969 33500
970 27600
971 31900
972 31000
973 29900
974 29200
975 29000
976 29100
977 29000
978 28900
979 33200
980 32600
981 32400
982 32100
983 29500
984 28300
985 28000
986 27900
987 28100
988 28100
989 28300
990 28000
991 28000
992 28000
993 27900
994 28200
995 28100
996 28300
997 27400
998 28300
999 28000
1000 27800
1001 28000
1002 26800
1003 30200
1004 38200
1005 35100
1006 30600
1007 32300
1008 78900
1009 31200
1010 73500
1011 29500
1012 84900
1013 31000
1014 83400
1015 30900
1016 28400
1017 28000
1018 33800
1019 30500
1020 73200
1021 32500
1022 30600
1023 28600
1024 28800
1025 29300
1026 29100
1027 28700
1028 28600
1029 30000
1030 29200
1031 28700
1032 29300
1033 29200
1034 29100
1035 28600
1036 28800
1037 28800
1038 29200
1039 29400
1040 28500
1041 29300
1042 29200
1043 28700
1044 30500
1045 28500
1046 29100
1047 29200
1048 29200
1049 29400
1050 29000
1051 29300
1052 29200
1053 29300
1054 29300
1055 29800
1056 29300
1057 29200
1058 29100
1059 28400
1060 29100
1061 28400
1062 29100
1063 38600
1064 32700
1065 35000
1066 29500
1067 27200
1068 29100
1069 28200
1070 26900
1071 27600
1072 86500
1073 32200
1074 74400
1075 31100
1076 83300
1077 31200
1078 28200
1079 28600
1080 28200
1081 29500
1082 28300
1083 26900
1084 28900
1085 28200
1086 26700
1087 27900
1088 83300
1089 32800
1090 31400
1091 29100
1092 28800
1093 29400
1094 28800
1095 29300
1096 28600
1097 29200
1098 28500
1099 28500
1100 28600
1101 29100
1102 29100
1103 28500
1104 29200
1105 29500
1106 29300
1107 29200
1108 28500
1109 29200
1110 28600
1111 28600
1112 29300
1113 29100
1114 29200
1115 29200
1116 28600
1117 29100
1118 28700
1119 29200
1120 28700
1121 29200
1122 29300
1123 29100
1124 37800
1125 128100
1126 202100
1127 177300
1128 186500
1129 146700
1130 37600
1131 33300
1132 30700
1133 25400
1134 35300
1135 32200
1136 30600
1137 31700
1138 30800
1139 31300
1140 35300
1141 107200
1142 99500
1143 31400
1144 30600
1145 36000
1146 178100
1147 143300
1148 90900
1149 32600
1150 42700
1151 113900
1152 32600
1153 30400
1154 31700
1155 208000
1156 264000
1157 94300
1158 33400
1159 32000
1160 31500
1161 31600
1162 31500
1163 31700
1164 32300
1165 30900
1166 31400
1167 30900
1168 31100
1169 31200
1170 31700
1171 30800
1172 31300
1173 30900
1174 31600
1175 31500
1176 30900
1177 31700
1178 31500
1179 30700
1180 31800
1181 126500
1182 32400
1183 31700
1184 31400
1185 31500
1186 30900
1187 31300
1188 31600
1189 31400
1190 31600
1191 31200
1192 33000
1193 32800
1194 168900
1195 172300
1196 147700
1197 150100
1198 117800
1199 63700
1200 53800
1201 26200
1202 26600
1203 26000
1204 26900
1205 64900
1206 24000
1207 24500
1208 24600
1209 24500
1210 24100
1211 24200
1212 24500
1213 24400
1214 24500
1215 24100
1216 24600
1217 24300
1218 24500
1219 24400
1220 24200
1221 24200
1222 24400
1223 24200
1224 24500
1225 24500
1226 24500
1227 24200
1228 24500
1229 24400
1230 24300
1231 24400
1232 24300
1233 24100
1234 24600
1235 24300
1236 24400
1237 24500
1238 24100
1239 24300
1240 24400
1241 24500
1242 24100
1243 39200
1244 26500
1245 25000
1246 24800
1247 24700
1248 24500
1249 25000
1250 24800
1251 25000
1252 24700
1253 24600
1254 25100
1255 24500
1256 24700
1257 24800
1258 24800
1259 24700
1260 24700
1261 24600
1262 24700
1263 24700
1264 24600
1265 24700
1266 24600
1267 25000
1268 24600
1269 24500
1270 24900
1271 24700
1272 24800
1273 24700
1274 24800
1275 24800
1276 24900
1277 24900
1278 24800
1279 24800
1280 25100
1281 24800
1282 27100
1283 24700
1284 24700
1285 24600
1286 25000
1287 24600
1288 24500
1289 24900
1290 24600
1291 24800
1292 24600
1293 24700
1294 24900
1295 24800
1296 24500
1297 24700
1298 24700
1299 24900
1300 24900
1301 24900
1302 24700
1303 24800
1304 24800
1305 24800
1306 24900
1307 24700
1308 24600
1309 24700
1310 24900
1311 24800
1312 24600
1313 24600
1314 24700
1315 24700
1316 24800
1317 24600
1318 25000
1319 24600
1320 24700
1321 24700
1322 31100
1323 26000
1324 25000
1325 24700
1326 24600
1327 24500
1328 24600
1329 24700
1330 24700
1331 24600
1332 24700
1333 24700
1334 24700
1335 24600
1336 24500
1337 24700
1338 24600
1339 24500
1340 24900
1341 24800
1342 24500
1343 24500
1344 24500
1345 24800
1346 24700
1347 24700
1348 24600
1349 24900
1350 24600
1351 24400
1352 24400
1353 24600
1354 24600
1355 24500
1356 24700
1357 24600
1358 24700
1359 24400
1360 24700
1361 24600
1362 25900
1363 27600
1364 31100
1365 29200
1366 28500
1367 27700
1368 26500
1369 26400
1370 26400
1371 26200
1372 26500
1373 26700
1374 26300
1375 26200
1376 26400
1377 26500
1378 26300
1379 26500
1380 26300
1381 26500
1382 26500
1383 26500
1384 26300
1385 26500
1386 26300
1387 26100
1388 26500
1389 26300
1390 26400
1391 26400
1392 26300
1393 26600
1394 27100
1395 26500
1396 26700
1397 26300
1398 26400
1399 36500
1400 30400
1401 28800
1402 28100
1403 28100
1404 28000
1405 27900
1406 28100
1407 27800
1408 99900
1409 28300
1410 32000
1411 28300
1412 34800
1413 27300
1414 27200
1415 32700
1416 39300
1417 30500
1418 30400
1419 29800
1420 30200
1421 29600
1422 30700
1423 38500
1424 37700
1425 30800
1426 30200
1427 31600
1428 38700
1429 29300
1430 31000
1431 35300
1432 29700
1433 30900
1434 29600
1435 30100
1436 29800
1437 29800
1438 29900
1439 29700
1440 29700
1441 39800
1442 30400
1443 26100
1444 28800
1445 28100
1446 27900
1447 31400
1448 49600
1449 34300
1450 30600
1451 30300
1452 25100
1453 25200
1454 27700
1455 26900
1456 27100
1457 27000
1458 27100
1459 27000
1460 27400
1461 24700
1462 27400
1463 29200
1464 26500
1465 24600
1466 24300
1467 26900
1468 24200
1469 24500
1470 24900
1471 27600
1472 24300
1473 26900
1474 24300
1475 25200
1476 24700
1477 24800
1478 24600
1479 26600
1480 24400
1481 31600
1482 32600
1483 25100
1484 24400
1485 24800
1486 24700
1487 24500
1488 24600
1489 26700
1490 24500
1491 27600
1492 24100
1493 27000
1494 24300
1495 32000
1496 30500
1497 24500
1498 24700
1499 24500
1500 24700
1501 27000
1502 30800
1503 24400
1504 24700
1505 24300
1506 24700
1507 27100
1508 24600
1509 30700
1510 30500
1511 24400
1512 24500
1513 24600
1514 24700
1515 27100
1516 24400
1517 26700
1518 24600
1519 24400
1520 26900
1521 24300
1522 26900
1523 24400
1524 25100
1525 25200
1526 24300
1527 30500
1528 30500
1529 24600
1530 24600
1531 129900
1532 29800
1533 27400
1534 24800
1535 77500
1536 120600
1537 31100
1538 28700
1539 28800
1540 28400
1541 28500
1542 28300
1543 29000
1544 28500
1545 28600
1546 28500
1547 28600
1548 110300
1549 32700
1550 26000
1551 24100
1552 25900
1553 25700
1554 25300
1555 25600
1556 25400
1557 25700
1558 25600
1559 25700
1560 25400
1561 25600
1562 25800
1563 27100
1564 25500
1565 25800
1566 25400
1567 27700
1568 24400
1569 27200
1570 24800
1571 24700
1572 24400
1573 24400
1574 50500
1575 28700
1576 28500
1577 28600
1578 28600
1579 28500
1580 29100
1581 28600
1582 26500
1583 26400
1584 26200
1585 26100
1586 26400
1587 26200
1588 26100
1589 26100
1590 26300
1591 29300
1592 28300
1593 28200
1594 28500
1595 26300
1596 26200
1597 26100
1598 26200
1599 30100
1600 28600
1601 52100
1602 29600
1603 28400
1604 81400
1605 53100
1606 25000
1607 25300
1608 24700
1609 24700
1610 25200
1611 24900
1612 25200
1613 24800
1614 25200
1615 25000
1616 24800
1617 24900
1618 25400
1619 24600
1620 27700
1621 24800
1622 24400
1623 31400
1624 30900
1625 24400
1626 24800
1627 24500
1628 24500
1629 24500
1630 27600
1631 24700
1632 24700
1633 25300
1634 24700
1635 24800
1636 25500
1637 27700
1638 24500
1639 24400
1640 30500
1641 30500
1642 24400
1643 24600
1644 24800
1645 24800
1646 24900
1647 24600
1648 27600
1649 25500
1650 24600
1651 27500
1652 25300
1653 24500
1654 24600
1655 24800
1656 27500
1657 26900
1658 24400
1659 24800
1660 27800
1661 24700
1662 25300
1663 24700
1664 24500
1665 27000
1666 24700
1667 24600
1668 24900
1669 24600
1670 27200
1671 31600
1672 33200
1673 30700
1674 29900
1675 29700
1676 29700
1677 29900
1678 29800
1679 29500
1680 29700
1681 29700
1682 29500
1683 29600
1684 29600
1685 29700
1686 29400
1687 29700
1688 29500
1689 29500
1690 29600
1691 29700
1692 29700
1693 30000
1694 29500
1695 29500
1696 29700
1697 29500
1698 29700
1699 29700
1700 29600
1701 29500
1702 29500
1703 29700
1704 29600
1705 39200
1706 29800
1707 23500
1708 29700
1709 24300
1710 25600
1711 27200
1712 98500
1713 24000
1714 28100
1715 24600
1716 24700
1717 30900
1718 30800
1719 24400
1720 31100
1721 30400
1722 24400
1723 24800
1724 31700
1725 30700
1726 24500
1727 24700
1728 27200
1729 25000
1730 31400
1731 30600
1732 24300
1733 24700
1734 27200
1735 31000
1736 30800
1737 24300
1738 24500
1739 31700
1740 30300
1741 29300
1742 29800
1743 29500
1744 29700
1745 29400
1746 29500
1747 28800
1748 29400
1749 29700
1750 28700
1751 29500
1752 28800
1753 29400
1754 29300
1755 29300
1756 28800
1757 29400
1758 29200
1759 29100
1760 29200
1761 29200
1762 28500
1763 28800
1764 28700
1765 29200
1766 28800
1767 29300
1768 29300
1769 31500
1770 35200
1771 34100
1772 30800
1773 82600
1774 26100
1775 31300
1776 68000
1777 30800
1778 76500
1779 30500
1780 82800
1781 30800
1782 70100
1783 30100
1784 80300
1785 32700
1786 29900
1787 28800
1788 29500
1789 29000
1790 28700
1791 28600
1792 28700
1793 28800
1794 28700
1795 28700
1796 30200
1797 29200
1798 35100
1799 35000
1800 33700
1801 33600
1802 33800
1803 33500
1804 33400
1805 33900
1806 33800
1807 33700
1808 33700
1809 33800
1810 33300
1811 33700
1812 33700
1813 33700
1814 33700
1815 33800
1816 33800
1817 33700
1818 33500
1819 33900
1820 33800
1821 33600
1822 33700
1823 33600
1824 33700
1825 33800
1826 34600
1827 33500
1828 33600
1829 33400
1830 34100
1831 33600
1832 33800
1833 33700
1834 33300
1835 33800
1836 33800
1837 33800
1838 33800
1839 33600
1840 33700
1841 33400
1842 33700
1843 33700
1844 33700
1845 33500
1846 34100
1847 33600
1848 33600
1849 33700
1850 33600
1851 33600
1852 33700
1853 33600
1854 33800
1855 33200
1856 30300
1857 29800
1858 29000
1859 29000
1860 28700
1861 28100
1862 28500
1863 28700
1864 28200
1865 28300
1866 27900
1867 28500
1868 28100
1869 28300
1870 28500
1871 28500
1872 28600
1873 28500
1874 28100
1875 28000
1876 28100
1877 27600
1878 28300
1879 28500
1880 27900
1881 27900
1882 28200
1883 27400
1884 28100
1885 28300
1886 28300
1887 28000
1888 28400
1889 28000
1890 28200
1891 30200
1892 80200
1893 32600
1894 30300
1895 79800
1896 33000
1897 65800
1898 33700
1899 30500
1900 81000
1901 33600
1902 30300
1903 72400
1904 34000
1905 30600
1906 72700
1907 32800
1908 77900
1909 32600
1910 36300
1911 34100
1912 33600
1913 29200
1914 80800
1915 32900
1916 30400
1917 67200
1918 33400
1919 30000
1920 65700
1921 33600
1922 30200
1923 74400
1924 33600
1925 30200
1926 81600
1927 33000
1928 29900
1929 65500
1930 30800
1931 68600
1932 30400
1933 102300
1934 28800
1935 29500
1936 27300
1937 33600
1938 33700
1939 29900
1940 67500
1941 53400
1942 29100
1943 26700
1944 25900
1945 26500
1946 25700
1947 26100
1948 25700
1949 27300
1950 25500
1951 27300
1952 28600
1953 31700
1954 29100
1955 27300
1956 28500
1957 27600
1958 27900
1959 27400
1960 28700
1961 27500
1962 27800
1963 33900
1964 29800
1965 30300
1966 31000
1967 29200
1968 28800
1969 28800
1970 28400
1971 28800
1972 28800
1973 28500
1974 28500
1975 28600
1976 28800
1977 28700
1978 28600
1979 28600
1980 28800
1981 28600
1982 28800
1983 28500
1984 28500
1985 28700
1986 28500
1987 28900
1988 28500
1989 28700
1990 28900
1991 28600
1992 28700
1993 28800
1994 28600
1995 28600
1996 28800
1997 28700
1998 28600
1999 29400
Total 7.09536e+07 Average 35476.8
