Number of tasks= 2 My rank= 1 Running on DESKTOP-H93UTSG
OO**OO**OOOOOOOOOOOOOOOOOOOO**
OOOOOOOOOOOOOOOOOOOOOOOOOOO***
OOOOOOOOOOOOOOOOOOOOOOOOOOO**O
OOOOOOOOOOOOOOOOOOOOOOOOOO*OOO
OOOOOOOOOOOOOOOOOOOOOOOOO*OOOO
OOOOOOOOOOOOOOOOOOOOOOOO*OOOOO
OOOOOOOOOOOOOOOOOOOOOOO*OOOOOO
OOOOOOOOOOOOOOOOOOOOOO*OOOOOOO
OOOOOOOOOOOOOOOOOOOOO*OOOOOOOO
OOOOOOOOOOOOOOOOOOOO*OOOOOOOOO
OOOOOOOOOOOOOOOOOOO*OOOOOOOOOO
OOOOOOOOOOOOOOOOOO*OOOOOOOOOOO
OOOOOOOOOOOOOOOOO*OOOOOOOOOOOO
OOOOOOOOOOOOOOOO*OOOOOOOOOOOOO
OOOOOOOOOOOOOOO*OOOOOOOOOOOOOO
OOOOOOOOOOOOOO*OOOOOOOOOOOOOOO
OOOOOOOOOOOOO*OOOOOOOOOOOOOOOO
OOOOOOOOOOOO*OOOOOOOOOOOOOOOOO
OOOOOOOOOOO*OOOOOOOOOOOOOOOOOO
OOOOOOOOOO*OOOOOOOOOOOOOOOOOOO
OOOOOOOOO*OOOOOOOOOOOOOOOOOOOO
OOOOOOOO*OOOOOOOOOOOOOOOOOOOOO
OOOOOOO*OOOOOOOOOOOOOOOOOOOOOO
OOOOOO*OOOOOOOOOOOOOOOOOOOOOOO
OOOOO*OOOOOOOOOOOOOOOOOOOOOOOO
OOOO*OOOOOOOOOOOOOOOOOOOOOOOOO
OOO*OOOOOOOOOOOOOOOOOOOOOOOOOO
OO*OOOOOOOOOOOOOOOOOOOOOOOOOOO
O*OOOOOOOOOOOOOOOOOOOOOOOOOOOO
******************************
Rank 1 Total time : 0.058000 s Loops: 2001 Decomp_h: 2 Decomp_w: 1
Number of tasks= 2 My rank= 0 Running on DESKTOP-H93UTSG
OO**OO**OOOOOOOOOOOOOOOOOOOO**
OOOOOOOOOOOOOOOOOOOOOOOOOOO***
OOOOOOOOOOOOOOOOOOOOOOOOOOO**O
OOOOOOOOOOOOOOOOOOOOOOOOOO*OOO
OOOOOOOOOOOOOOOOOOOOOOOOO*OOOO
OOOOOOOOOOOOOOOOOOOOOOOO*OOOOO
OOOOOOOOOOOOOOOOOOOOOOO*OOOOOO
OOOOOOOOOOOOOOOOOOOOOO*OOOOOOO
OOOOOOOOOOOOOOOOOOOOO*OOOOOOOO
OOOOOOOOOOOOOOOOOOOO*OOOOOOOOO
OOOOOOOOOOOOOOOOOOO*OOOOOOOOOO
OOOOOOOOOOOOOOOOOO*OOOOOOOOOOO
OOOOOOOOOOOOOOOOO*OOOOOOOOOOOO
OOOOOOOOOOOOOOOO*OOOOOOOOOOOOO
OOOOOOOOOOOOOOO*OOOOOOOOOOOOOO
OOOOOOOOOOOOOO*OOOOOOOOOOOOOOO
OOOOOOOOOOOOO*OOOOOOOOOOOOOOOO
OOOOOOOOOOOO*OOOOOOOOOOOOOOOOO
OOOOOOOOOOO*OOOOOOOOOOOOOOOOOO
OOOOOOOOOO*OOOOOOOOOOOOOOOOOOO
OOOOOOOOO*OOOOOOOOOOOOOOOOOOOO
OOOOOOOO*OOOOOOOOOOOOOOOOOOOOO
OOOOOOO*OOOOOOOOOOOOOOOOOOOOOO
OOOOOO*OOOOOOOOOOOOOOOOOOOOOOO
OOOOO*OOOOOOOOOOOOOOOOOOOOOOOO
OOOO*OOOOOOOOOOOOOOOOOOOOOOOOO
OOO*OOOOOOOOOOOOOOOOOOOOOOOOOO
OO*OOOOOOOOOOOOOOOOOOOOOOOOOOO
O*OOOOOOOOOOOOOOOOOOOOOOOOOOOO
******************************
Rank 0 Total time : 0.058000 s Loops: 2001 Decomp_h: 2 Decomp_w: 1
OOOOOOOOOOOOOOOOOOO**OOOO**OOO
OOOOOOOOOOOOOOOOOOO**OOOO**OOO
OOOOOOOOOOOOOOOOOOOOOOOOOOOOOO
OOOOOOOOOOOOOOOOOOOOOOOOOOOOOO
OOOOOOOOOOOOOOOOOOOOO**OOOOOOO
OOOOOOO***OOOOOOOOOOO**OOOOOOO
OOOOOOOOOOOOOOOOOOOOOOOOOOOOOO
OOOOOOOOOOOOOOOOOOOOOOOOOOOOOO
OOOOOOOOOOOOOOOOOOOOOOOOOOOOOO
OOOOOOOOOOOOOOOOOOOOOOOOOOOOOO
OOOOOOOOOOOOOOOOOOOOOOOOOOOOOO
OOOOOOOOOOOOOOOOOOOOOOOOOOOOOO
OOOOOOOOOOOOOOOOOOOOOOOOOOOOOO
OOOOOOOOOOOOOOOOOOOOOOOOOOOOOO
OOOOOOOOOOOOOOOO*OOOOOOOOOOOOO
OOOOOOOO***OOOO*O*OOOOOOOOOOOO
OOOOOOOOOOOOOO*OO*OOOOOOOOOOOO
OOOOOOOOOOOOOOO**OOOOOOOOOOOOO
OOOOOOOOOOOOOOOOOOOOOOOOOOOOOO
OOOOOOOOOOOOOOOOOOOOOOOOOOOOOO
OOOOOOOOOOOOOOOOOOOOOOOOOOOOOO
OOOOOOOOOOOOOOOOOOOOOOOOOOOOOO
OOOOOOOOOOOOOOOOOOOOOOOOOOOOOO
OOOOOOO**OOOOOOOOOOOOOOOOOOOOO
OOOOOOO**OOOOOOOOOOOOOOOOOOOOO
OOOOOOOOOOOOOOOOOOOOOOOOOOOOOO
OOOOOOOOOOOOOOOOOOOOOOOOOOOOOO
OOOOOOOOOOOOOOOOOOOOOOOOOOOOOO
OOOOOOOOOOOOOOOOOOOOOOOOOOOOOO
OOOOOOOOOOOOOOOOOOOOOOOOOOOOOO
