Number of tasks= 9 My rank= 7 Running on DESKTOP-H93UTSG
OO**OO**OOOOOOOOOOOOOOOOOOOO**
OOOOOOOOOOOOOOOOOOOOOOOOOOO***
OOOOOOOOOOOOOOOOOOOOOOOOOOO**O
OOOOOOOOOOOOOOOOOOOOOOOOOO*OOO
OOOOOOOOOOOOOOOOOOOOOOOOO*OOOO
OOOOOOOOOOOOOOOOOOOOOOOO*OOOOO
OOOOOOOOOOOOOOOOOOOOOOO*OOOOOO
OOOOOOOOOOOOOOOOOOOOOO*OOOOOOO
OOOOOOOOOOOOOOOOOOOOO*OOOOOOOO
OOOOOOOOOOOOOOOOOOOO*OOOOOOOOO
OOOOOOOOOOOOOOOOOOO*OOOOOOOOOO
OOOOOOOOOOOOOOOOOO*OOOOOOOOOOO
OOOOOOOOOOOOOOOOO*OOOOOOOOOOOO
OOOOOOOOOOOOOOOO*OOOOOOOOOOOOO
OOOOOOOOOOOOOOO*OOOOOOOOOOOOOO
OOOOOOOOOOOOOO*OOOOOOOOOOOOOOO
OOOOOOOOOOOOO*OOOOOOOOOOOOOOOO
OOOOOOOOOOOO*OOOOOOOOOOOOOOOOO
OOOOOOOOOOO*OOOOOOOOOOOOOOOOOO
OOOOOOOOOO*OOOOOOOOOOOOOOOOOOO
OOOOOOOOO*OOOOOOOOOOOOOOOOOOOO
OOOOOOOO*OOOOOOOOOOOOOOOOOOOOO
OOOOOOO*OOOOOOOOOOOOOOOOOOOOOO
OOOOOO*OOOOOOOOOOOOOOOOOOOOOOO
OOOOO*OOOOOOOOOOOOOOOOOOOOOOOO
OOOO*OOOOOOOOOOOOOOOOOOOOOOOOO
OOO*OOOOOOOOOOOOOOOOOOOOOOOOOO
OO*OOOOOOOOOOOOOOOOOOOOOOOOOOO
O*OOOOOOOOOOOOOOOOOOOOOOOOOOOO
******************************
Rank 7 Total time : 0.218000 s Loops: 2001 Decomp_h: 3 Decomp_w: 3
Number of tasks= 9 My rank= 4 Running on DESKTOP-H93UTSG
OO**OO**OOOOOOOOOOOOOOOOOOOO**
OOOOOOOOOOOOOOOOOOOOOOOOOOO***
OOOOOOOOOOOOOOOOOOOOOOOOOOO**O
OOOOOOOOOOOOOOOOOOOOOOOOOO*OOO
OOOOOOOOOOOOOOOOOOOOOOOOO*OOOO
OOOOOOOOOOOOOOOOOOOOOOOO*OOOOO
OOOOOOOOOOOOOOOOOOOOOOO*OOOOOO
OOOOOOOOOOOOOOOOOOOOOO*OOOOOOO
OOOOOOOOOOOOOOOOOOOOO*OOOOOOOO
OOOOOOOOOOOOOOOOOOOO*OOOOOOOOO
OOOOOOOOOOOOOOOOOOO*OOOOOOOOOO
OOOOOOOOOOOOOOOOOO*OOOOOOOOOOO
OOOOOOOOOOOOOOOOO*OOOOOOOOOOOO
OOOOOOOOOOOOOOOO*OOOOOOOOOOOOO
OOOOOOOOOOOOOOO*OOOOOOOOOOOOOO
OOOOOOOOOOOOOO*OOOOOOOOOOOOOOO
OOOOOOOOOOOOO*OOOOOOOOOOOOOOOO
OOOOOOOOOOOO*OOOOOOOOOOOOOOOOO
OOOOOOOOOOO*OOOOOOOOOOOOOOOOOO
OOOOOOOOOO*OOOOOOOOOOOOOOOOOOO
OOOOOOOOO*OOOOOOOOOOOOOOOOOOOO
OOOOOOOO*OOOOOOOOOOOOOOOOOOOOO
OOOOOOO*OOOOOOOOOOOOOOOOOOOOOO
OOOOOO*OOOOOOOOOOOOOOOOOOOOOOO
OOOOO*OOOOOOOOOOOOOOOOOOOOOOOO
OOOO*OOOOOOOOOOOOOOOOOOOOOOOOO
OOO*OOOOOOOOOOOOOOOOOOOOOOOOOO
OO*OOOOOOOOOOOOOOOOOOOOOOOOOOO
O*OOOOOOOOOOOOOOOOOOOOOOOOOOOO
******************************
Rank 4 Total time : 0.218000 s Loops: 2001 Decomp_h: 3 Decomp_w: 3
Number of tasks= 9 My rank= 1 Running on DESKTOP-H93UTSG
OO**OO**OOOOOOOOOOOOOOOOOOOO**
OOOOOOOOOOOOOOOOOOOOOOOOOOO***
OOOOOOOOOOOOOOOOOOOOOOOOOOO**O
OOOOOOOOOOOOOOOOOOOOOOOOOO*OOO
OOOOOOOOOOOOOOOOOOOOOOOOO*OOOO
OOOOOOOOOOOOOOOOOOOOOOOO*OOOOO
OOOOOOOOOOOOOOOOOOOOOOO*OOOOOO
OOOOOOOOOOOOOOOOOOOOOO*OOOOOOO
OOOOOOOOOOOOOOOOOOOOO*OOOOOOOO
OOOOOOOOOOOOOOOOOOOO*OOOOOOOOO
OOOOOOOOOOOOOOOOOOO*OOOOOOOOOO
OOOOOOOOOOOOOOOOOO*OOOOOOOOOOO
OOOOOOOOOOOOOOOOO*OOOOOOOOOOOO
OOOOOOOOOOOOOOOO*OOOOOOOOOOOOO
OOOOOOOOOOOOOOO*OOOOOOOOOOOOOO
OOOOOOOOOOOOOO*OOOOOOOOOOOOOOO
OOOOOOOOOOOOO*OOOOOOOOOOOOOOOO
OOOOOOOOOOOO*OOOOOOOOOOOOOOOOO
OOOOOOOOOOO*OOOOOOOOOOOOOOOOOO
OOOOOOOOOO*OOOOOOOOOOOOOOOOOOO
OOOOOOOOO*OOOOOOOOOOOOOOOOOOOO
OOOOOOOO*OOOOOOOOOOOOOOOOOOOOO
OOOOOOO*OOOOOOOOOOOOOOOOOOOOOO
OOOOOO*OOOOOOOOOOOOOOOOOOOOOOO
OOOOO*OOOOOOOOOOOOOOOOOOOOOOOO
OOOO*OOOOOOOOOOOOOOOOOOOOOOOOO
OOO*OOOOOOOOOOOOOOOOOOOOOOOOOO
OO*OOOOOOOOOOOOOOOOOOOOOOOOOOO
O*OOOOOOOOOOOOOOOOOOOOOOOOOOOO
******************************
Rank 1 Total time : 0.218000 s Loops: 2001 Decomp_h: 3 Decomp_w: 3
Number of tasks= 9 My rank= 8 Running on DESKTOP-H93UTSG
OO**OO**OOOOOOOOOOOOOOOOOOOO**
OOOOOOOOOOOOOOOOOOOOOOOOOOO***
OOOOOOOOOOOOOOOOOOOOOOOOOOO**O
OOOOOOOOOOOOOOOOOOOOOOOOOO*OOO
OOOOOOOOOOOOOOOOOOOOOOOOO*OOOO
OOOOOOOOOOOOOOOOOOOOOOOO*OOOOO
OOOOOOOOOOOOOOOOOOOOOOO*OOOOOO
OOOOOOOOOOOOOOOOOOOOOO*OOOOOOO
OOOOOOOOOOOOOOOOOOOOO*OOOOOOOO
OOOOOOOOOOOOOOOOOOOO*OOOOOOOOO
OOOOOOOOOOOOOOOOOOO*OOOOOOOOOO
OOOOOOOOOOOOOOOOOO*OOOOOOOOOOO
OOOOOOOOOOOOOOOOO*OOOOOOOOOOOO
OOOOOOOOOOOOOOOO*OOOOOOOOOOOOO
OOOOOOOOOOOOOOO*OOOOOOOOOOOOOO
OOOOOOOOOOOOOO*OOOOOOOOOOOOOOO
OOOOOOOOOOOOO*OOOOOOOOOOOOOOOO
OOOOOOOOOOOO*OOOOOOOOOOOOOOOOO
OOOOOOOOOOO*OOOOOOOOOOOOOOOOOO
OOOOOOOOOO*OOOOOOOOOOOOOOOOOOO
OOOOOOOOO*OOOOOOOOOOOOOOOOOOOO
OOOOOOOO*OOOOOOOOOOOOOOOOOOOOO
OOOOOOO*OOOOOOOOOOOOOOOOOOOOOO
OOOOOO*OOOOOOOOOOOOOOOOOOOOOOO
OOOOO*OOOOOOOOOOOOOOOOOOOOOOOO
OOOO*OOOOOOOOOOOOOOOOOOOOOOOOO
OOO*OOOOOOOOOOOOOOOOOOOOOOOOOO
OO*OOOOOOOOOOOOOOOOOOOOOOOOOOO
O*OOOOOOOOOOOOOOOOOOOOOOOOOOOO
******************************
Rank 8 Total time : 0.218000 s Loops: 2001 Decomp_h: 3 Decomp_w: 3
Number of tasks= 9 My rank= 6 Running on DESKTOP-H93UTSG
OO**OO**OOOOOOOOOOOOOOOOOOOO**
OOOOOOOOOOOOOOOOOOOOOOOOOOO***
OOOOOOOOOOOOOOOOOOOOOOOOOOO**O
OOOOOOOOOOOOOOOOOOOOOOOOOO*OOO
OOOOOOOOOOOOOOOOOOOOOOOOO*OOOO
OOOOOOOOOOOOOOOOOOOOOOOO*OOOOO
OOOOOOOOOOOOOOOOOOOOOOO*OOOOOO
OOOOOOOOOOOOOOOOOOOOOO*OOOOOOO
OOOOOOOOOOOOOOOOOOOOO*OOOOOOOO
OOOOOOOOOOOOOOOOOOOO*OOOOOOOOO
OOOOOOOOOOOOOOOOOOO*OOOOOOOOOO
OOOOOOOOOOOOOOOOOO*OOOOOOOOOOO
OOOOOOOOOOOOOOOOO*OOOOOOOOOOOO
OOOOOOOOOOOOOOOO*OOOOOOOOOOOOO
OOOOOOOOOOOOOOO*OOOOOOOOOOOOOO
OOOOOOOOOOOOOO*OOOOOOOOOOOOOOO
OOOOOOOOOOOOO*OOOOOOOOOOOOOOOO
OOOOOOOOOOOO*OOOOOOOOOOOOOOOOO
OOOOOOOOOOO*OOOOOOOOOOOOOOOOOO
OOOOOOOOOO*OOOOOOOOOOOOOOOOOOO
OOOOOOOOO*OOOOOOOOOOOOOOOOOOOO
OOOOOOOO*OOOOOOOOOOOOOOOOOOOOO
OOOOOOO*OOOOOOOOOOOOOOOOOOOOOO
OOOOOO*OOOOOOOOOOOOOOOOOOOOOOO
OOOOO*OOOOOOOOOOOOOOOOOOOOOOOO
OOOO*OOOOOOOOOOOOOOOOOOOOOOOOO
OOO*OOOOOOOOOOOOOOOOOOOOOOOOOO
OO*OOOOOOOOOOOOOOOOOOOOOOOOOOO
O*OOOOOOOOOOOOOOOOOOOOOOOOOOOO
******************************
Rank 6 Total time : 0.217000 s Loops: 2001 Decomp_h: 3 Decomp_w: 3
Number of tasks= 9 My rank= 0 Running on DESKTOP-H93UTSG
OO**OO**OOOOOOOOOOOOOOOOOOOO**
OOOOOOOOOOOOOOOOOOOOOOOOOOO***
OOOOOOOOOOOOOOOOOOOOOOOOOOO**O
OOOOOOOOOOOOOOOOOOOOOOOOOO*OOO
OOOOOOOOOOOOOOOOOOOOOOOOO*OOOO
OOOOOOOOOOOOOOOOOOOOOOOO*OOOOO
OOOOOOOOOOOOOOOOOOOOOOO*OOOOOO
OOOOOOOOOOOOOOOOOOOOOO*OOOOOOO
OOOOOOOOOOOOOOOOOOOOO*OOOOOOOO
OOOOOOOOOOOOOOOOOOOO*OOOOOOOOO
OOOOOOOOOOOOOOOOOOO*OOOOOOOOOO
OOOOOOOOOOOOOOOOOO*OOOOOOOOOOO
OOOOOOOOOOOOOOOOO*OOOOOOOOOOOO
OOOOOOOOOOOOOOOO*OOOOOOOOOOOOO
OOOOOOOOOOOOOOO*OOOOOOOOOOOOOO
OOOOOOOOOOOOOO*OOOOOOOOOOOOOOO
OOOOOOOOOOOOO*OOOOOOOOOOOOOOOO
OOOOOOOOOOOO*OOOOOOOOOOOOOOOOO
OOOOOOOOOOO*OOOOOOOOOOOOOOOOOO
OOOOOOOOOO*OOOOOOOOOOOOOOOOOOO
OOOOOOOOO*OOOOOOOOOOOOOOOOOOOO
OOOOOOOO*OOOOOOOOOOOOOOOOOOOOO
OOOOOOO*OOOOOOOOOOOOOOOOOOOOOO
OOOOOO*OOOOOOOOOOOOOOOOOOOOOOO
OOOOO*OOOOOOOOOOOOOOOOOOOOOOOO
OOOO*OOOOOOOOOOOOOOOOOOOOOOOOO
OOO*OOOOOOOOOOOOOOOOOOOOOOOOOO
OO*OOOOOOOOOOOOOOOOOOOOOOOOOOO
O*OOOOOOOOOOOOOOOOOOOOOOOOOOOO
******************************
Rank 0 Total time : 0.218000 s Loops: 2001 Decomp_h: 3 Decomp_w: 3
OOOOOOOOOOOOOOOOOOO**OOOO**OOO
OOOOOOOOOOOOOOOOOOO**OOOO**OOO
OOOOOOOOOOOOOOOOOOOOOOOOOOOOOO
OOOOOOOOOOOOOOOOOOOOOOOOOOOOOO
OOOOOOOOOOOOOOOOOOOOO**OOOOOOO
OOOOOOO***OOOOOOOOOOO**OOOOOOO
OOOOOOOOOOOOOOOOOOOOOOOOOOOOOO
OOOOOOOOOOOOOOOOOOOOOOOOOOOOOO
OOOOOOOOOOOOOOOOOOOOOOOOOOOOOO
OOOOOOOOOOOOOOOOOOOOOOOOOOOOOO
OOOOOOOOOOOOOOOOOOOOOOOOOOOOOO
OOOOOOOOOOOOOOOOOOOOOOOOOOOOOO
OOOOOOOOOOOOOOOOOOOOOOOOOOOOOO
OOOOOOOOOOOOOOOOOOOOOOOOOOOOOO
OOOOOOOOOOOOOOOO*OOOOOOOOOOOOO
OOOOOOOO***OOOO*O*OOOOOOOOOOOO
OOOOOOOOOOOOOO*OO*OOOOOOOOOOOO
OOOOOOOOOOOOOOO**OOOOOOOOOOOOO
OOOOOOOOOOOOOOOOOOOOOOOOOOOOOO
OOOOOOOOOOOOOOOOOOOOOOOOOOOOOO
OOOOOOOOOOOOOOOOOOOOOOOOOOOOOO
OOOOOOOOOOOOOOOOOOOOOOOOOOOOOO
OOOOOOOOOOOOOOOOOOOOOOOOOOOOOO
OOOOOOO**OOOOOOOOOOOOOOOOOOOOO
OOOOOOO**OOOOOOOOOOOOOOOOOOOOO
OOOOOOOOOOOOOOOOOOOOOOOOOOOOOO
OOOOOOOOOOOOOOOOOOOOOOOOOOOOOO
OOOOOOOOOOOOOOOOOOOOOOOOOOOOOO
OOOOOOOOOOOOOOOOOOOOOOOOOOOOOO
OOOOOOOOOOOOOOOOOOOOOOOOOOOOOO
Number of tasks= 9 My rank= 5 Running on DESKTOP-H93UTSG
OO**OO**OOOOOOOOOOOOOOOOOOOO**
OOOOOOOOOOOOOOOOOOOOOOOOOOO***
OOOOOOOOOOOOOOOOOOOOOOOOOOO**O
OOOOOOOOOOOOOOOOOOOOOOOOOO*OOO
OOOOOOOOOOOOOOOOOOOOOOOOO*OOOO
OOOOOOOOOOOOOOOOOOOOOOOO*OOOOO
OOOOOOOOOOOOOOOOOOOOOOO*OOOOOO
OOOOOOOOOOOOOOOOOOOOOO*OOOOOOO
OOOOOOOOOOOOOOOOOOOOO*OOOOOOOO
OOOOOOOOOOOOOOOOOOOO*OOOOOOOOO
OOOOOOOOOOOOOOOOOOO*OOOOOOOOOO
OOOOOOOOOOOOOOOOOO*OOOOOOOOOOO
OOOOOOOOOOOOOOOOO*OOOOOOOOOOOO
OOOOOOOOOOOOOOOO*OOOOOOOOOOOOO
OOOOOOOOOOOOOOO*OOOOOOOOOOOOOO
OOOOOOOOOOOOOO*OOOOOOOOOOOOOOO
OOOOOOOOOOOOO*OOOOOOOOOOOOOOOO
OOOOOOOOOOOO*OOOOOOOOOOOOOOOOO
OOOOOOOOOOO*OOOOOOOOOOOOOOOOOO
OOOOOOOOOO*OOOOOOOOOOOOOOOOOOO
OOOOOOOOO*OOOOOOOOOOOOOOOOOOOO
OOOOOOOO*OOOOOOOOOOOOOOOOOOOOO
OOOOOOO*OOOOOOOOOOOOOOOOOOOOOO
OOOOOO*OOOOOOOOOOOOOOOOOOOOOOO
OOOOO*OOOOOOOOOOOOOOOOOOOOOOOO
OOOO*OOOOOOOOOOOOOOOOOOOOOOOOO
OOO*OOOOOOOOOOOOOOOOOOOOOOOOOO
OO*OOOOOOOOOOOOOOOOOOOOOOOOOOO
O*OOOOOOOOOOOOOOOOOOOOOOOOOOOO
******************************
Rank 5 Total time : 0.218000 s Loops: 2001 Decomp_h: 3 Decomp_w: 3
Number of tasks= 9 My rank= 3 Running on DESKTOP-H93UTSG
OO**OO**OOOOOOOOOOOOOOOOOOOO**
OOOOOOOOOOOOOOOOOOOOOOOOOOO***
OOOOOOOOOOOOOOOOOOOOOOOOOOO**O
OOOOOOOOOOOOOOOOOOOOOOOOOO*OOO
OOOOOOOOOOOOOOOOOOOOOOOOO*OOOO
OOOOOOOOOOOOOOOOOOOOOOOO*OOOOO
OOOOOOOOOOOOOOOOOOOOOOO*OOOOOO
OOOOOOOOOOOOOOOOOOOOOO*OOOOOOO
OOOOOOOOOOOOOOOOOOOOO*OOOOOOOO
OOOOOOOOOOOOOOOOOOOO*OOOOOOOOO
OOOOOOOOOOOOOOOOOOO*OOOOOOOOOO
OOOOOOOOOOOOOOOOOO*OOOOOOOOOOO
OOOOOOOOOOOOOOOOO*OOOOOOOOOOOO
OOOOOOOOOOOOOOOO*OOOOOOOOOOOOO
OOOOOOOOOOOOOOO*OOOOOOOOOOOOOO
OOOOOOOOOOOOOO*OOOOOOOOOOOOOOO
OOOOOOOOOOOOO*OOOOOOOOOOOOOOOO
OOOOOOOOOOOO*OOOOOOOOOOOOOOOOO
OOOOOOOOOOO*OOOOOOOOOOOOOOOOOO
OOOOOOOOOO*OOOOOOOOOOOOOOOOOOO
OOOOOOOOO*OOOOOOOOOOOOOOOOOOOO
OOOOOOOO*OOOOOOOOOOOOOOOOOOOOO
OOOOOOO*OOOOOOOOOOOOOOOOOOOOOO
OOOOOO*OOOOOOOOOOOOOOOOOOOOOOO
OOOOO*OOOOOOOOOOOOOOOOOOOOOOOO
OOOO*OOOOOOOOOOOOOOOOOOOOOOOOO
OOO*OOOOOOOOOOOOOOOOOOOOOOOOOO
OO*OOOOOOOOOOOOOOOOOOOOOOOOOOO
O*OOOOOOOOOOOOOOOOOOOOOOOOOOOO
******************************
Rank 3 Total time : 0.218000 s Loops: 2001 Decomp_h: 3 Decomp_w: 3
Number of tasks= 9 My rank= 2 Running on DESKTOP-H93UTSG
OO**OO**OOOOOOOOOOOOOOOOOOOO**
OOOOOOOOOOOOOOOOOOOOOOOOOOO***
OOOOOOOOOOOOOOOOOOOOOOOOOOO**O
OOOOOOOOOOOOOOOOOOOOOOOOOO*OOO
OOOOOOOOOOOOOOOOOOOOOOOOO*OOOO
OOOOOOOOOOOOOOOOOOOOOOOO*OOOOO
OOOOOOOOOOOOOOOOOOOOOOO*OOOOOO
OOOOOOOOOOOOOOOOOOOOOO*OOOOOOO
OOOOOOOOOOOOOOOOOOOOO*OOOOOOOO
OOOOOOOOOOOOOOOOOOOO*OOOOOOOOO
OOOOOOOOOOOOOOOOOOO*OOOOOOOOOO
OOOOOOOOOOOOOOOOOO*OOOOOOOOOOO
OOOOOOOOOOOOOOOOO*OOOOOOOOOOOO
OOOOOOOOOOOOOOOO*OOOOOOOOOOOOO
OOOOOOOOOOOOOOO*OOOOOOOOOOOOOO
OOOOOOOOOOOOOO*OOOOOOOOOOOOOOO
OOOOOOOOOOOOO*OOOOOOOOOOOOOOOO
OOOOOOOOOOOO*OOOOOOOOOOOOOOOOO
OOOOOOOOOOO*OOOOOOOOOOOOOOOOOO
OOOOOOOOOO*OOOOOOOOOOOOOOOOOOO
OOOOOOOOO*OOOOOOOOOOOOOOOOOOOO
OOOOOOOO*OOOOOOOOOOOOOOOOOOOOO
OOOOOOO*OOOOOOOOOOOOOOOOOOOOOO
OOOOOO*OOOOOOOOOOOOOOOOOOOOOOO
OOOOO*OOOOOOOOOOOOOOOOOOOOOOOO
OOOO*OOOOOOOOOOOOOOOOOOOOOOOOO
OOO*OOOOOOOOOOOOOOOOOOOOOOOOOO
OO*OOOOOOOOOOOOOOOOOOOOOOOOOOO
O*OOOOOOOOOOOOOOOOOOOOOOOOOOOO
******************************
Rank 2 Total time : 0.218000 s Loops: 2001 Decomp_h: 3 Decomp_w: 3
